<?xml version="1.0" encoding="utf-8"?>
<!DOCTYPE coverage SYSTEM "http://cobertura.sourceforge.net/xml/coverage-04.dtd">
<coverage line-rate="0.8212703101920237" branch-rate="0.8589743589743589" lines-covered="556" lines-valid="677" branches-covered="67" branches-valid="78" complexity="203" version="0" timestamp="1762527637">
  <sources>
    <source>D:\a\BinanceBot\BinanceBot\</source>
  </sources>
  <packages>
    <package name="BinanceBot" line-rate="0.8344594594594594" branch-rate="0.8428571428571429" complexity="170">
      <classes>
        <class name="BinanceBot.BinanceApi.BinanceClient" filename="D:\a\BinanceBot\BinanceBot\BinanceBot\BinanceApi\BinanceClient.cs" line-rate="0.8404255319148937" branch-rate="0.6666666666666666" complexity="20">
          <methods>
            <method name="GetUrl" signature="(System.String,System.String)" line-rate="1" branch-rate="1" complexity="2">
              <lines>
                <line number="47" hits="3" branch="false" />
                <line number="48" hits="3" branch="false" />
                <line number="49" hits="3" branch="false" />
                <line number="50" hits="3" branch="true" condition-coverage="100% (2/2)" />
                <line number="51" hits="3" branch="false" />
                <line number="52" hits="3" branch="false" />
                <line number="53" hits="3" branch="false" />
                <line number="54" hits="3" branch="false" />
                <line number="55" hits="3" branch="false" />
                <line number="56" hits="3" branch="false" />
              </lines>
            </method>
            <method name="CreateOrderUrl" signature="(System.String,System.String,System.Decimal,System.Decimal,System.String)" line-rate="1" branch-rate="1" complexity="2">
              <lines>
                <line number="111" hits="2" branch="false" />
                <line number="112" hits="2" branch="false" />
                <line number="113" hits="2" branch="false" />
                <line number="114" hits="2" branch="false" />
                <line number="115" hits="2" branch="false" />
                <line number="116" hits="2" branch="true" condition-coverage="100% (2/2)" />
                <line number="117" hits="2" branch="false" />
                <line number="118" hits="2" branch="false" />
                <line number="119" hits="2" branch="false" />
                <line number="120" hits="2" branch="false" />
                <line number="121" hits="2" branch="false" />
              </lines>
            </method>
            <method name="Sign" signature="(System.String,System.String)" line-rate="1" branch-rate="1" complexity="1">
              <lines>
                <line number="124" hits="5" branch="false" />
                <line number="125" hits="5" branch="false" />
                <line number="126" hits="5" branch="false" />
                <line number="127" hits="5" branch="false" />
                <line number="128" hits="5" branch="false" />
              </lines>
            </method>
            <method name=".ctor" signature="(BinanceBot.Abstraction.IApiValidatorService,BinanceBot.Abstraction.IHttpClientWrapper,Microsoft.Extensions.Configuration.IConfiguration)" line-rate="1" branch-rate="1" complexity="2">
              <lines>
                <line number="11" hits="9" branch="false" />
                <line number="12" hits="9" branch="false" />
                <line number="13" hits="9" branch="false" />
                <line number="14" hits="9" branch="false" />
                <line number="16" hits="9" branch="true" condition-coverage="100% (2/2)" />
              </lines>
            </method>
            <method name=".cctor" signature="()" line-rate="1" branch-rate="1" complexity="1">
              <lines>
                <line number="17" hits="1" branch="false" />
              </lines>
            </method>
            <method name="GetAccountInfosAsync" signature="()" line-rate="1" branch-rate="1" complexity="1">
              <lines>
                <line number="20" hits="1" branch="false" />
                <line number="21" hits="1" branch="false" />
                <line number="22" hits="1" branch="false" />
                <line number="23" hits="1" branch="false" />
                <line number="24" hits="1" branch="false" />
                <line number="25" hits="1" branch="false" />
                <line number="26" hits="1" branch="false" />
              </lines>
            </method>
            <method name="GetCommissionBySymbolAsync" signature="()" line-rate="1" branch-rate="1" complexity="1">
              <lines>
                <line number="29" hits="1" branch="false" />
                <line number="30" hits="1" branch="false" />
                <line number="31" hits="1" branch="false" />
                <line number="32" hits="1" branch="false" />
                <line number="33" hits="1" branch="false" />
                <line number="34" hits="1" branch="false" />
                <line number="35" hits="1" branch="false" />
              </lines>
            </method>
            <method name="GetKLinesBySymbolAsync" signature="()" line-rate="0" branch-rate="0" complexity="2">
              <lines>
                <line number="67" hits="0" branch="false" />
                <line number="68" hits="0" branch="false" />
                <line number="69" hits="0" branch="false" />
                <line number="70" hits="0" branch="false" />
                <line number="71" hits="0" branch="false" />
                <line number="72" hits="0" branch="true" condition-coverage="0% (0/2)" />
                <line number="73" hits="0" branch="false" />
                <line number="74" hits="0" branch="false" />
              </lines>
            </method>
            <method name="GetKLinesBySymbolAsync" signature="()" line-rate="1" branch-rate="0.5" complexity="2">
              <lines>
                <line number="59" hits="2" branch="false" />
                <line number="60" hits="2" branch="false" />
                <line number="61" hits="2" branch="false" />
                <line number="62" hits="2" branch="true" condition-coverage="50% (1/2)" />
                <line number="63" hits="2" branch="false" />
                <line number="64" hits="2" branch="false" />
              </lines>
            </method>
            <method name="GetKLinesBySymbolAsyncStr" signature="()" line-rate="0" branch-rate="1" complexity="1">
              <lines>
                <line number="76" hits="0" branch="false" />
                <line number="77" hits="0" branch="false" />
                <line number="78" hits="0" branch="false" />
                <line number="79" hits="0" branch="false" />
                <line number="80" hits="0" branch="false" />
                <line number="81" hits="0" branch="false" />
                <line number="82" hits="0" branch="false" />
              </lines>
            </method>
            <method name="GetOpenOrdersAsync" signature="()" line-rate="1" branch-rate="0.5" complexity="2">
              <lines>
                <line number="38" hits="1" branch="false" />
                <line number="39" hits="1" branch="false" />
                <line number="40" hits="1" branch="false" />
                <line number="41" hits="1" branch="false" />
                <line number="42" hits="1" branch="true" condition-coverage="50% (1/2)" />
                <line number="43" hits="1" branch="false" />
                <line number="44" hits="1" branch="false" />
              </lines>
            </method>
            <method name="GetPriceBySymbolAsync" signature="()" line-rate="1" branch-rate="1" complexity="1">
              <lines>
                <line number="85" hits="1" branch="false" />
                <line number="86" hits="1" branch="false" />
                <line number="87" hits="1" branch="false" />
                <line number="88" hits="1" branch="false" />
                <line number="89" hits="1" branch="false" />
                <line number="90" hits="1" branch="false" />
              </lines>
            </method>
            <method name="PlaceOrderAsync" signature="()" line-rate="1" branch-rate="1" complexity="1">
              <lines>
                <line number="102" hits="1" branch="false" />
                <line number="103" hits="1" branch="false" />
                <line number="104" hits="1" branch="false" />
                <line number="105" hits="1" branch="false" />
                <line number="106" hits="1" branch="false" />
                <line number="107" hits="1" branch="false" />
                <line number="108" hits="1" branch="false" />
              </lines>
            </method>
            <method name="PlaceTestOrderAsync" signature="()" line-rate="1" branch-rate="1" complexity="1">
              <lines>
                <line number="93" hits="1" branch="false" />
                <line number="94" hits="1" branch="false" />
                <line number="95" hits="1" branch="false" />
                <line number="96" hits="1" branch="false" />
                <line number="97" hits="1" branch="false" />
                <line number="98" hits="1" branch="false" />
                <line number="99" hits="1" branch="false" />
              </lines>
            </method>
          </methods>
          <lines>
            <line number="11" hits="9" branch="false" />
            <line number="12" hits="9" branch="false" />
            <line number="13" hits="9" branch="false" />
            <line number="14" hits="9" branch="false" />
            <line number="16" hits="9" branch="true" condition-coverage="100% (2/2)" />
            <line number="17" hits="1" branch="false" />
            <line number="20" hits="1" branch="false" />
            <line number="21" hits="1" branch="false" />
            <line number="22" hits="1" branch="false" />
            <line number="23" hits="1" branch="false" />
            <line number="24" hits="1" branch="false" />
            <line number="25" hits="1" branch="false" />
            <line number="26" hits="1" branch="false" />
            <line number="29" hits="1" branch="false" />
            <line number="30" hits="1" branch="false" />
            <line number="31" hits="1" branch="false" />
            <line number="32" hits="1" branch="false" />
            <line number="33" hits="1" branch="false" />
            <line number="34" hits="1" branch="false" />
            <line number="35" hits="1" branch="false" />
            <line number="38" hits="1" branch="false" />
            <line number="39" hits="1" branch="false" />
            <line number="40" hits="1" branch="false" />
            <line number="41" hits="1" branch="false" />
            <line number="42" hits="1" branch="true" condition-coverage="50% (1/2)" />
            <line number="43" hits="1" branch="false" />
            <line number="44" hits="1" branch="false" />
            <line number="47" hits="3" branch="false" />
            <line number="48" hits="3" branch="false" />
            <line number="49" hits="3" branch="false" />
            <line number="50" hits="3" branch="true" condition-coverage="100% (2/2)" />
            <line number="51" hits="3" branch="false" />
            <line number="52" hits="3" branch="false" />
            <line number="53" hits="3" branch="false" />
            <line number="54" hits="3" branch="false" />
            <line number="55" hits="3" branch="false" />
            <line number="56" hits="3" branch="false" />
            <line number="59" hits="2" branch="false" />
            <line number="60" hits="2" branch="false" />
            <line number="61" hits="2" branch="false" />
            <line number="62" hits="2" branch="true" condition-coverage="50% (1/2)" />
            <line number="63" hits="2" branch="false" />
            <line number="64" hits="2" branch="false" />
            <line number="67" hits="0" branch="false" />
            <line number="68" hits="0" branch="false" />
            <line number="69" hits="0" branch="false" />
            <line number="70" hits="0" branch="false" />
            <line number="71" hits="0" branch="false" />
            <line number="72" hits="0" branch="true" condition-coverage="0% (0/2)" />
            <line number="73" hits="0" branch="false" />
            <line number="74" hits="0" branch="false" />
            <line number="76" hits="0" branch="false" />
            <line number="77" hits="0" branch="false" />
            <line number="78" hits="0" branch="false" />
            <line number="79" hits="0" branch="false" />
            <line number="80" hits="0" branch="false" />
            <line number="81" hits="0" branch="false" />
            <line number="82" hits="0" branch="false" />
            <line number="85" hits="1" branch="false" />
            <line number="86" hits="1" branch="false" />
            <line number="87" hits="1" branch="false" />
            <line number="88" hits="1" branch="false" />
            <line number="89" hits="1" branch="false" />
            <line number="90" hits="1" branch="false" />
            <line number="93" hits="1" branch="false" />
            <line number="94" hits="1" branch="false" />
            <line number="95" hits="1" branch="false" />
            <line number="96" hits="1" branch="false" />
            <line number="97" hits="1" branch="false" />
            <line number="98" hits="1" branch="false" />
            <line number="99" hits="1" branch="false" />
            <line number="102" hits="1" branch="false" />
            <line number="103" hits="1" branch="false" />
            <line number="104" hits="1" branch="false" />
            <line number="105" hits="1" branch="false" />
            <line number="106" hits="1" branch="false" />
            <line number="107" hits="1" branch="false" />
            <line number="108" hits="1" branch="false" />
            <line number="111" hits="2" branch="false" />
            <line number="112" hits="2" branch="false" />
            <line number="113" hits="2" branch="false" />
            <line number="114" hits="2" branch="false" />
            <line number="115" hits="2" branch="false" />
            <line number="116" hits="2" branch="true" condition-coverage="100% (2/2)" />
            <line number="117" hits="2" branch="false" />
            <line number="118" hits="2" branch="false" />
            <line number="119" hits="2" branch="false" />
            <line number="120" hits="2" branch="false" />
            <line number="121" hits="2" branch="false" />
            <line number="124" hits="5" branch="false" />
            <line number="125" hits="5" branch="false" />
            <line number="126" hits="5" branch="false" />
            <line number="127" hits="5" branch="false" />
            <line number="128" hits="5" branch="false" />
          </lines>
        </class>
        <class name="BinanceBot.BinanceApi.Model.Account" filename="D:\a\BinanceBot\BinanceBot\BinanceBot\BinanceApi\Model\Account.cs" line-rate="1" branch-rate="1" complexity="1">
          <methods>
            <method name="get_Balances" signature="()" line-rate="1" branch-rate="1" complexity="1">
              <lines>
                <line number="8" hits="23" branch="false" />
              </lines>
            </method>
          </methods>
          <lines>
            <line number="8" hits="23" branch="false" />
          </lines>
        </class>
        <class name="BinanceBot.BinanceApi.Model.Balance" filename="D:\a\BinanceBot\BinanceBot\BinanceBot\BinanceApi\Model\Balance.cs" line-rate="1" branch-rate="1" complexity="2">
          <methods>
            <method name="get_Asset" signature="()" line-rate="1" branch-rate="1" complexity="1">
              <lines>
                <line number="8" hits="36" branch="false" />
              </lines>
            </method>
            <method name="get_Free" signature="()" line-rate="1" branch-rate="1" complexity="1">
              <lines>
                <line number="10" hits="29" branch="false" />
              </lines>
            </method>
          </methods>
          <lines>
            <line number="8" hits="36" branch="false" />
            <line number="10" hits="29" branch="false" />
          </lines>
        </class>
        <class name="BinanceBot.BinanceApi.Model.BaseMessage" filename="D:\a\BinanceBot\BinanceBot\BinanceBot\BinanceApi\Model\BaseMessage.cs" line-rate="1" branch-rate="1" complexity="2">
          <methods>
            <method name="get_Code" signature="()" line-rate="1" branch-rate="1" complexity="1">
              <lines>
                <line number="8" hits="59" branch="false" />
              </lines>
            </method>
            <method name="get_Message" signature="()" line-rate="1" branch-rate="1" complexity="1">
              <lines>
                <line number="10" hits="59" branch="false" />
              </lines>
            </method>
          </methods>
          <lines>
            <line number="8" hits="59" branch="false" />
            <line number="10" hits="59" branch="false" />
          </lines>
        </class>
        <class name="BinanceBot.BinanceApi.Model.BinanceKline" filename="D:\a\BinanceBot\BinanceBot\BinanceBot\BinanceApi\Model\BinanceKline.cs" line-rate="0" branch-rate="1" complexity="11">
          <methods>
            <method name="get_OpenTime" signature="()" line-rate="0" branch-rate="1" complexity="1">
              <lines>
                <line number="8" hits="0" branch="false" />
              </lines>
            </method>
            <method name="get_Open" signature="()" line-rate="0" branch-rate="1" complexity="1">
              <lines>
                <line number="11" hits="0" branch="false" />
              </lines>
            </method>
            <method name="get_High" signature="()" line-rate="0" branch-rate="1" complexity="1">
              <lines>
                <line number="14" hits="0" branch="false" />
              </lines>
            </method>
            <method name="get_Low" signature="()" line-rate="0" branch-rate="1" complexity="1">
              <lines>
                <line number="17" hits="0" branch="false" />
              </lines>
            </method>
            <method name="get_Close" signature="()" line-rate="0" branch-rate="1" complexity="1">
              <lines>
                <line number="20" hits="0" branch="false" />
              </lines>
            </method>
            <method name="get_Volume" signature="()" line-rate="0" branch-rate="1" complexity="1">
              <lines>
                <line number="23" hits="0" branch="false" />
              </lines>
            </method>
            <method name="get_CloseTime" signature="()" line-rate="0" branch-rate="1" complexity="1">
              <lines>
                <line number="26" hits="0" branch="false" />
              </lines>
            </method>
            <method name="get_QuoteAssetVolume" signature="()" line-rate="0" branch-rate="1" complexity="1">
              <lines>
                <line number="29" hits="0" branch="false" />
              </lines>
            </method>
            <method name="get_NumberOfTrades" signature="()" line-rate="0" branch-rate="1" complexity="1">
              <lines>
                <line number="32" hits="0" branch="false" />
              </lines>
            </method>
            <method name="get_TakerBuyBaseAssetVolume" signature="()" line-rate="0" branch-rate="1" complexity="1">
              <lines>
                <line number="35" hits="0" branch="false" />
              </lines>
            </method>
            <method name="get_TakerBuyQuoteAssetVolume" signature="()" line-rate="0" branch-rate="1" complexity="1">
              <lines>
                <line number="38" hits="0" branch="false" />
              </lines>
            </method>
          </methods>
          <lines>
            <line number="8" hits="0" branch="false" />
            <line number="11" hits="0" branch="false" />
            <line number="14" hits="0" branch="false" />
            <line number="17" hits="0" branch="false" />
            <line number="20" hits="0" branch="false" />
            <line number="23" hits="0" branch="false" />
            <line number="26" hits="0" branch="false" />
            <line number="29" hits="0" branch="false" />
            <line number="32" hits="0" branch="false" />
            <line number="35" hits="0" branch="false" />
            <line number="38" hits="0" branch="false" />
          </lines>
        </class>
        <class name="BinanceBot.BinanceApi.Model.Commission" filename="D:\a\BinanceBot\BinanceBot\BinanceBot\BinanceApi\Model\Commission.cs" line-rate="1" branch-rate="1" complexity="3">
          <methods>
            <method name="get_StandardCommission" signature="()" line-rate="1" branch-rate="1" complexity="1">
              <lines>
                <line number="8" hits="19" branch="false" />
              </lines>
            </method>
            <method name="get_TaxCommission" signature="()" line-rate="1" branch-rate="1" complexity="1">
              <lines>
                <line number="10" hits="16" branch="false" />
              </lines>
            </method>
            <method name="get_Discount" signature="()" line-rate="1" branch-rate="1" complexity="1">
              <lines>
                <line number="12" hits="21" branch="false" />
              </lines>
            </method>
          </methods>
          <lines>
            <line number="8" hits="19" branch="false" />
            <line number="10" hits="16" branch="false" />
            <line number="12" hits="21" branch="false" />
          </lines>
        </class>
        <class name="BinanceBot.BinanceApi.Model.CommissionRate" filename="D:\a\BinanceBot\BinanceBot\BinanceBot\BinanceApi\Model\CommissionRate.cs" line-rate="1" branch-rate="1" complexity="4">
          <methods>
            <method name="get_Maker" signature="()" line-rate="1" branch-rate="1" complexity="1">
              <lines>
                <line number="8" hits="58" branch="false" />
              </lines>
            </method>
            <method name="get_Taker" signature="()" line-rate="1" branch-rate="1" complexity="1">
              <lines>
                <line number="10" hits="54" branch="false" />
              </lines>
            </method>
            <method name="get_Buyer" signature="()" line-rate="1" branch-rate="1" complexity="1">
              <lines>
                <line number="12" hits="29" branch="false" />
              </lines>
            </method>
            <method name="get_Seller" signature="()" line-rate="1" branch-rate="1" complexity="1">
              <lines>
                <line number="14" hits="29" branch="false" />
              </lines>
            </method>
          </methods>
          <lines>
            <line number="8" hits="58" branch="false" />
            <line number="10" hits="54" branch="false" />
            <line number="12" hits="29" branch="false" />
            <line number="14" hits="29" branch="false" />
          </lines>
        </class>
        <class name="BinanceBot.BinanceApi.Model.Currency" filename="D:\a\BinanceBot\BinanceBot\BinanceBot\BinanceApi\Model\Currency.cs" line-rate="1" branch-rate="1" complexity="2">
          <methods>
            <method name="get_Symbol" signature="()" line-rate="1" branch-rate="1" complexity="1">
              <lines>
                <line number="8" hits="15" branch="false" />
              </lines>
            </method>
            <method name="get_Price" signature="()" line-rate="1" branch-rate="1" complexity="1">
              <lines>
                <line number="10" hits="26" branch="false" />
              </lines>
            </method>
          </methods>
          <lines>
            <line number="8" hits="15" branch="false" />
            <line number="10" hits="26" branch="false" />
          </lines>
        </class>
        <class name="BinanceBot.BinanceApi.Model.Discount" filename="D:\a\BinanceBot\BinanceBot\BinanceBot\BinanceApi\Model\Discount.cs" line-rate="1" branch-rate="1" complexity="4">
          <methods>
            <method name="get_EnabledForAccount" signature="()" line-rate="1" branch-rate="1" complexity="1">
              <lines>
                <line number="8" hits="28" branch="false" />
              </lines>
            </method>
            <method name="get_EnabledForSymbol" signature="()" line-rate="1" branch-rate="1" complexity="1">
              <lines>
                <line number="10" hits="29" branch="false" />
              </lines>
            </method>
            <method name="get_DiscountAsset" signature="()" line-rate="1" branch-rate="1" complexity="1">
              <lines>
                <line number="12" hits="24" branch="false" />
              </lines>
            </method>
            <method name="get_DiscountValue" signature="()" line-rate="1" branch-rate="1" complexity="1">
              <lines>
                <line number="14" hits="31" branch="false" />
              </lines>
            </method>
          </methods>
          <lines>
            <line number="8" hits="28" branch="false" />
            <line number="10" hits="29" branch="false" />
            <line number="12" hits="24" branch="false" />
            <line number="14" hits="31" branch="false" />
          </lines>
        </class>
        <class name="BinanceBot.BinanceApi.Model.Order" filename="D:\a\BinanceBot\BinanceBot\BinanceBot\BinanceApi\Model\Order.cs" line-rate="1" branch-rate="1" complexity="3">
          <methods>
            <method name="get_Symbol" signature="()" line-rate="1" branch-rate="1" complexity="1">
              <lines>
                <line number="8" hits="38" branch="false" />
              </lines>
            </method>
            <method name="get_OrderId" signature="()" line-rate="1" branch-rate="1" complexity="1">
              <lines>
                <line number="10" hits="32" branch="false" />
              </lines>
            </method>
            <method name="get_Side" signature="()" line-rate="1" branch-rate="1" complexity="1">
              <lines>
                <line number="12" hits="30" branch="false" />
              </lines>
            </method>
          </methods>
          <lines>
            <line number="8" hits="38" branch="false" />
            <line number="10" hits="32" branch="false" />
            <line number="12" hits="30" branch="false" />
          </lines>
        </class>
        <class name="BinanceBot.BinanceApi.Model.TestOrder" filename="D:\a\BinanceBot\BinanceBot\BinanceBot\BinanceApi\Model\TestOrder.cs" line-rate="1" branch-rate="1" complexity="3">
          <methods>
            <method name="get_StandardCommissionForOrder" signature="()" line-rate="1" branch-rate="1" complexity="1">
              <lines>
                <line number="8" hits="26" branch="false" />
              </lines>
            </method>
            <method name="get_TaxCommissionForOrder" signature="()" line-rate="1" branch-rate="1" complexity="1">
              <lines>
                <line number="10" hits="25" branch="false" />
              </lines>
            </method>
            <method name="get_Discount" signature="()" line-rate="1" branch-rate="1" complexity="1">
              <lines>
                <line number="12" hits="25" branch="false" />
              </lines>
            </method>
          </methods>
          <lines>
            <line number="8" hits="26" branch="false" />
            <line number="10" hits="25" branch="false" />
            <line number="12" hits="25" branch="false" />
          </lines>
        </class>
        <class name="BinanceBot.BinanceApi.Serializer.BinanceKlineConverter" filename="D:\a\BinanceBot\BinanceBot\BinanceBot\BinanceApi\Serializer\BinanceKlineConverter.cs" line-rate="0" branch-rate="1" complexity="3">
          <methods>
            <method name="CanConvert" signature="(System.Type)" line-rate="0" branch-rate="1" complexity="1">
              <lines>
                <line number="10" hits="0" branch="false" />
                <line number="11" hits="0" branch="false" />
                <line number="12" hits="0" branch="false" />
              </lines>
            </method>
            <method name="ReadJson" signature="(Newtonsoft.Json.JsonReader,System.Type,System.Object,Newtonsoft.Json.JsonSerializer)" line-rate="0" branch-rate="1" complexity="1">
              <lines>
                <line number="15" hits="0" branch="false" />
                <line number="16" hits="0" branch="false" />
                <line number="17" hits="0" branch="false" />
                <line number="18" hits="0" branch="false" />
                <line number="19" hits="0" branch="false" />
                <line number="20" hits="0" branch="false" />
                <line number="21" hits="0" branch="false" />
                <line number="22" hits="0" branch="false" />
                <line number="23" hits="0" branch="false" />
                <line number="24" hits="0" branch="false" />
                <line number="25" hits="0" branch="false" />
                <line number="26" hits="0" branch="false" />
                <line number="27" hits="0" branch="false" />
                <line number="28" hits="0" branch="false" />
                <line number="29" hits="0" branch="false" />
                <line number="30" hits="0" branch="false" />
                <line number="31" hits="0" branch="false" />
              </lines>
            </method>
            <method name="WriteJson" signature="(Newtonsoft.Json.JsonWriter,System.Object,Newtonsoft.Json.JsonSerializer)" line-rate="0" branch-rate="1" complexity="1">
              <lines>
                <line number="34" hits="0" branch="false" />
                <line number="35" hits="0" branch="false" />
              </lines>
            </method>
          </methods>
          <lines>
            <line number="10" hits="0" branch="false" />
            <line number="11" hits="0" branch="false" />
            <line number="12" hits="0" branch="false" />
            <line number="15" hits="0" branch="false" />
            <line number="16" hits="0" branch="false" />
            <line number="17" hits="0" branch="false" />
            <line number="18" hits="0" branch="false" />
            <line number="19" hits="0" branch="false" />
            <line number="20" hits="0" branch="false" />
            <line number="21" hits="0" branch="false" />
            <line number="22" hits="0" branch="false" />
            <line number="23" hits="0" branch="false" />
            <line number="24" hits="0" branch="false" />
            <line number="25" hits="0" branch="false" />
            <line number="26" hits="0" branch="false" />
            <line number="27" hits="0" branch="false" />
            <line number="28" hits="0" branch="false" />
            <line number="29" hits="0" branch="false" />
            <line number="30" hits="0" branch="false" />
            <line number="31" hits="0" branch="false" />
            <line number="34" hits="0" branch="false" />
            <line number="35" hits="0" branch="false" />
          </lines>
        </class>
        <class name="BinanceBot.BinanceApi.Validation.ApiValidatorService" filename="D:\a\BinanceBot\BinanceBot\BinanceBot\BinanceApi\Validation\ApiValidatorService.cs" line-rate="0.9130434782608695" branch-rate="0.5" complexity="7">
          <methods>
            <method name="GetValidatorByType" signature="(T)" line-rate="0.8571428571428571" branch-rate="0.5" complexity="2">
              <lines>
                <line number="25" hits="1" branch="false" />
                <line number="26" hits="1" branch="false" />
                <line number="27" hits="1" branch="false" />
                <line number="28" hits="1" branch="true" condition-coverage="50% (1/2)" />
                <line number="29" hits="0" branch="false" />
                <line number="30" hits="1" branch="false" />
                <line number="31" hits="1" branch="false" />
              </lines>
            </method>
            <method name=".ctor" signature="(System.IServiceProvider)" line-rate="1" branch-rate="1" complexity="1">
              <lines>
                <line number="12" hits="2" branch="false" />
                <line number="13" hits="2" branch="false" />
                <line number="14" hits="2" branch="false" />
                <line number="15" hits="2" branch="false" />
              </lines>
            </method>
            <method name="Validate" signature="()" line-rate="0.875" branch-rate="0.5" complexity="2">
              <lines>
                <line number="34" hits="1" branch="false" />
                <line number="35" hits="1" branch="false" />
                <line number="36" hits="1" branch="false" />
                <line number="37" hits="1" branch="false" />
                <line number="38" hits="1" branch="true" condition-coverage="50% (1/2)" />
                <line number="39" hits="0" branch="false" />
                <line number="40" hits="1" branch="false" />
                <line number="41" hits="1" branch="false" />
              </lines>
            </method>
            <method name="ValidateAsync" signature="()" line-rate="1" branch-rate="0.5" complexity="2">
              <lines>
                <line number="18" hits="1" branch="false" />
                <line number="19" hits="1" branch="true" condition-coverage="50% (1/2)" />
                <line number="21" hits="1" branch="false" />
                <line number="22" hits="1" branch="false" />
              </lines>
            </method>
          </methods>
          <lines>
            <line number="12" hits="2" branch="false" />
            <line number="13" hits="2" branch="false" />
            <line number="14" hits="2" branch="false" />
            <line number="15" hits="2" branch="false" />
            <line number="18" hits="1" branch="false" />
            <line number="19" hits="1" branch="true" condition-coverage="50% (1/2)" />
            <line number="21" hits="1" branch="false" />
            <line number="22" hits="1" branch="false" />
            <line number="25" hits="1" branch="false" />
            <line number="26" hits="1" branch="false" />
            <line number="27" hits="1" branch="false" />
            <line number="28" hits="1" branch="true" condition-coverage="50% (1/2)" />
            <line number="29" hits="0" branch="false" />
            <line number="30" hits="1" branch="false" />
            <line number="31" hits="1" branch="false" />
            <line number="34" hits="1" branch="false" />
            <line number="35" hits="1" branch="false" />
            <line number="36" hits="1" branch="false" />
            <line number="37" hits="1" branch="false" />
            <line number="38" hits="1" branch="true" condition-coverage="50% (1/2)" />
            <line number="39" hits="0" branch="false" />
            <line number="40" hits="1" branch="false" />
            <line number="41" hits="1" branch="false" />
          </lines>
        </class>
        <class name="BinanceBot.BinanceApi.Validation.Validator.AccountValidator" filename="D:\a\BinanceBot\BinanceBot\BinanceBot\BinanceApi\Validation\Validator\AccountValidator.cs" line-rate="1" branch-rate="1" complexity="1">
          <methods>
            <method name=".ctor" signature="()" line-rate="1" branch-rate="1" complexity="1">
              <lines>
                <line number="8" hits="3" branch="false" />
                <line number="9" hits="3" branch="false" />
                <line number="10" hits="6" branch="false" />
                <line number="11" hits="3" branch="false" />
                <line number="12" hits="3" branch="false" />
                <line number="13" hits="3" branch="false" />
                <line number="14" hits="6" branch="false" />
                <line number="15" hits="3" branch="false" />
                <line number="16" hits="3" branch="false" />
                <line number="17" hits="3" branch="false" />
                <line number="18" hits="6" branch="false" />
                <line number="19" hits="3" branch="false" />
              </lines>
            </method>
          </methods>
          <lines>
            <line number="8" hits="3" branch="false" />
            <line number="9" hits="3" branch="false" />
            <line number="10" hits="6" branch="false" />
            <line number="11" hits="3" branch="false" />
            <line number="12" hits="3" branch="false" />
            <line number="13" hits="3" branch="false" />
            <line number="14" hits="6" branch="false" />
            <line number="15" hits="3" branch="false" />
            <line number="16" hits="3" branch="false" />
            <line number="17" hits="3" branch="false" />
            <line number="18" hits="6" branch="false" />
            <line number="19" hits="3" branch="false" />
          </lines>
        </class>
        <class name="BinanceBot.BinanceApi.Validation.Validator.BalanceValidator" filename="D:\a\BinanceBot\BinanceBot\BinanceBot\BinanceApi\Validation\Validator\BalanceValidator.cs" line-rate="1" branch-rate="1" complexity="1">
          <methods>
            <method name=".ctor" signature="()" line-rate="1" branch-rate="1" complexity="1">
              <lines>
                <line number="8" hits="5" branch="false" />
                <line number="9" hits="5" branch="false" />
                <line number="10" hits="9" branch="false" />
                <line number="11" hits="5" branch="false" />
                <line number="12" hits="5" branch="false" />
                <line number="13" hits="5" branch="false" />
                <line number="14" hits="5" branch="false" />
                <line number="15" hits="5" branch="false" />
                <line number="16" hits="5" branch="false" />
                <line number="17" hits="10" branch="false" />
                <line number="18" hits="5" branch="false" />
              </lines>
            </method>
          </methods>
          <lines>
            <line number="8" hits="5" branch="false" />
            <line number="9" hits="5" branch="false" />
            <line number="10" hits="9" branch="false" />
            <line number="11" hits="5" branch="false" />
            <line number="12" hits="5" branch="false" />
            <line number="13" hits="5" branch="false" />
            <line number="14" hits="5" branch="false" />
            <line number="15" hits="5" branch="false" />
            <line number="16" hits="5" branch="false" />
            <line number="17" hits="10" branch="false" />
            <line number="18" hits="5" branch="false" />
          </lines>
        </class>
        <class name="BinanceBot.BinanceApi.Validation.Validator.CommissionRateValidator" filename="D:\a\BinanceBot\BinanceBot\BinanceBot\BinanceApi\Validation\Validator\CommissionRateValidator.cs" line-rate="1" branch-rate="1" complexity="2">
          <methods>
            <method name="BeAValidDecimal" signature="(System.String)" line-rate="1" branch-rate="1" complexity="1">
              <lines>
                <line number="30" hits="30" branch="false" />
              </lines>
            </method>
            <method name=".ctor" signature="()" line-rate="1" branch-rate="1" complexity="1">
              <lines>
                <line number="9" hits="19" branch="false" />
                <line number="10" hits="19" branch="false" />
                <line number="11" hits="34" branch="false" />
                <line number="12" hits="19" branch="false" />
                <line number="13" hits="19" branch="false" />
                <line number="14" hits="19" branch="false" />
                <line number="15" hits="19" branch="false" />
                <line number="16" hits="19" branch="false" />
                <line number="17" hits="19" branch="false" />
                <line number="18" hits="19" branch="false" />
                <line number="19" hits="19" branch="false" />
                <line number="20" hits="19" branch="false" />
                <line number="21" hits="19" branch="false" />
                <line number="22" hits="19" branch="false" />
                <line number="23" hits="19" branch="false" />
                <line number="24" hits="19" branch="false" />
                <line number="25" hits="19" branch="false" />
                <line number="26" hits="38" branch="false" />
                <line number="27" hits="19" branch="false" />
              </lines>
            </method>
          </methods>
          <lines>
            <line number="9" hits="19" branch="false" />
            <line number="10" hits="19" branch="false" />
            <line number="11" hits="34" branch="false" />
            <line number="12" hits="19" branch="false" />
            <line number="13" hits="19" branch="false" />
            <line number="14" hits="19" branch="false" />
            <line number="15" hits="19" branch="false" />
            <line number="16" hits="19" branch="false" />
            <line number="17" hits="19" branch="false" />
            <line number="18" hits="19" branch="false" />
            <line number="19" hits="19" branch="false" />
            <line number="20" hits="19" branch="false" />
            <line number="21" hits="19" branch="false" />
            <line number="22" hits="19" branch="false" />
            <line number="23" hits="19" branch="false" />
            <line number="24" hits="19" branch="false" />
            <line number="25" hits="19" branch="false" />
            <line number="26" hits="38" branch="false" />
            <line number="27" hits="19" branch="false" />
            <line number="30" hits="30" branch="false" />
          </lines>
        </class>
        <class name="BinanceBot.BinanceApi.Validation.Validator.CommissionValidator" filename="D:\a\BinanceBot\BinanceBot\BinanceBot\BinanceApi\Validation\Validator\CommissionValidator.cs" line-rate="1" branch-rate="1" complexity="1">
          <methods>
            <method name=".ctor" signature="()" line-rate="1" branch-rate="1" complexity="1">
              <lines>
                <line number="8" hits="4" branch="false" />
                <line number="9" hits="4" branch="false" />
                <line number="10" hits="8" branch="false" />
                <line number="11" hits="4" branch="false" />
                <line number="12" hits="4" branch="false" />
                <line number="13" hits="4" branch="false" />
                <line number="14" hits="4" branch="false" />
                <line number="15" hits="4" branch="false" />
                <line number="16" hits="4" branch="false" />
                <line number="17" hits="4" branch="false" />
                <line number="18" hits="4" branch="false" />
                <line number="19" hits="4" branch="false" />
                <line number="20" hits="8" branch="false" />
                <line number="21" hits="4" branch="false" />
              </lines>
            </method>
          </methods>
          <lines>
            <line number="8" hits="4" branch="false" />
            <line number="9" hits="4" branch="false" />
            <line number="10" hits="8" branch="false" />
            <line number="11" hits="4" branch="false" />
            <line number="12" hits="4" branch="false" />
            <line number="13" hits="4" branch="false" />
            <line number="14" hits="4" branch="false" />
            <line number="15" hits="4" branch="false" />
            <line number="16" hits="4" branch="false" />
            <line number="17" hits="4" branch="false" />
            <line number="18" hits="4" branch="false" />
            <line number="19" hits="4" branch="false" />
            <line number="20" hits="8" branch="false" />
            <line number="21" hits="4" branch="false" />
          </lines>
        </class>
        <class name="BinanceBot.BinanceApi.Validation.Validator.CurrencyValidator" filename="D:\a\BinanceBot\BinanceBot\BinanceBot\BinanceApi\Validation\Validator\CurrencyValidator.cs" line-rate="1" branch-rate="1" complexity="1">
          <methods>
            <method name=".ctor" signature="()" line-rate="1" branch-rate="1" complexity="1">
              <lines>
                <line number="8" hits="3" branch="false" />
                <line number="9" hits="3" branch="false" />
                <line number="10" hits="6" branch="false" />
                <line number="11" hits="3" branch="false" />
                <line number="12" hits="3" branch="false" />
                <line number="13" hits="3" branch="false" />
                <line number="14" hits="3" branch="false" />
                <line number="15" hits="3" branch="false" />
                <line number="16" hits="3" branch="false" />
                <line number="17" hits="3" branch="false" />
                <line number="18" hits="3" branch="false" />
                <line number="19" hits="6" branch="false" />
                <line number="20" hits="3" branch="false" />
              </lines>
            </method>
          </methods>
          <lines>
            <line number="8" hits="3" branch="false" />
            <line number="9" hits="3" branch="false" />
            <line number="10" hits="6" branch="false" />
            <line number="11" hits="3" branch="false" />
            <line number="12" hits="3" branch="false" />
            <line number="13" hits="3" branch="false" />
            <line number="14" hits="3" branch="false" />
            <line number="15" hits="3" branch="false" />
            <line number="16" hits="3" branch="false" />
            <line number="17" hits="3" branch="false" />
            <line number="18" hits="3" branch="false" />
            <line number="19" hits="6" branch="false" />
            <line number="20" hits="3" branch="false" />
          </lines>
        </class>
        <class name="BinanceBot.BinanceApi.Validation.Validator.DiscountValidator" filename="D:\a\BinanceBot\BinanceBot\BinanceBot\BinanceApi\Validation\Validator\DiscountValidator.cs" line-rate="1" branch-rate="1" complexity="1">
          <methods>
            <method name=".ctor" signature="()" line-rate="1" branch-rate="1" complexity="1">
              <lines>
                <line number="8" hits="10" branch="false" />
                <line number="9" hits="10" branch="false" />
                <line number="10" hits="18" branch="false" />
                <line number="11" hits="10" branch="false" />
                <line number="12" hits="10" branch="false" />
                <line number="13" hits="10" branch="false" />
                <line number="14" hits="10" branch="false" />
                <line number="15" hits="10" branch="false" />
                <line number="16" hits="10" branch="false" />
                <line number="17" hits="10" branch="false" />
                <line number="18" hits="10" branch="false" />
                <line number="19" hits="20" branch="false" />
                <line number="20" hits="10" branch="false" />
              </lines>
            </method>
          </methods>
          <lines>
            <line number="8" hits="10" branch="false" />
            <line number="9" hits="10" branch="false" />
            <line number="10" hits="18" branch="false" />
            <line number="11" hits="10" branch="false" />
            <line number="12" hits="10" branch="false" />
            <line number="13" hits="10" branch="false" />
            <line number="14" hits="10" branch="false" />
            <line number="15" hits="10" branch="false" />
            <line number="16" hits="10" branch="false" />
            <line number="17" hits="10" branch="false" />
            <line number="18" hits="10" branch="false" />
            <line number="19" hits="20" branch="false" />
            <line number="20" hits="10" branch="false" />
          </lines>
        </class>
        <class name="BinanceBot.BinanceApi.Validation.Validator.OrderValidator" filename="D:\a\BinanceBot\BinanceBot\BinanceBot\BinanceApi\Validation\Validator\OrderValidator.cs" line-rate="1" branch-rate="1" complexity="1">
          <methods>
            <method name=".ctor" signature="()" line-rate="1" branch-rate="1" complexity="1">
              <lines>
                <line number="8" hits="3" branch="false" />
                <line number="9" hits="3" branch="false" />
                <line number="10" hits="6" branch="false" />
                <line number="11" hits="3" branch="false" />
                <line number="12" hits="3" branch="false" />
                <line number="13" hits="3" branch="false" />
                <line number="14" hits="3" branch="false" />
                <line number="15" hits="3" branch="false" />
                <line number="16" hits="3" branch="false" />
                <line number="17" hits="3" branch="false" />
                <line number="18" hits="3" branch="false" />
                <line number="19" hits="3" branch="false" />
                <line number="20" hits="6" branch="false" />
                <line number="21" hits="3" branch="false" />
              </lines>
            </method>
          </methods>
          <lines>
            <line number="8" hits="3" branch="false" />
            <line number="9" hits="3" branch="false" />
            <line number="10" hits="6" branch="false" />
            <line number="11" hits="3" branch="false" />
            <line number="12" hits="3" branch="false" />
            <line number="13" hits="3" branch="false" />
            <line number="14" hits="3" branch="false" />
            <line number="15" hits="3" branch="false" />
            <line number="16" hits="3" branch="false" />
            <line number="17" hits="3" branch="false" />
            <line number="18" hits="3" branch="false" />
            <line number="19" hits="3" branch="false" />
            <line number="20" hits="6" branch="false" />
            <line number="21" hits="3" branch="false" />
          </lines>
        </class>
        <class name="BinanceBot.BinanceApi.Validation.Validator.TestOrderValidator" filename="D:\a\BinanceBot\BinanceBot\BinanceBot\BinanceApi\Validation\Validator\TestOrderValidator.cs" line-rate="1" branch-rate="1" complexity="1">
          <methods>
            <method name=".ctor" signature="()" line-rate="1" branch-rate="1" complexity="1">
              <lines>
                <line number="8" hits="4" branch="false" />
                <line number="9" hits="4" branch="false" />
                <line number="10" hits="8" branch="false" />
                <line number="11" hits="4" branch="false" />
                <line number="12" hits="4" branch="false" />
                <line number="13" hits="4" branch="false" />
                <line number="14" hits="4" branch="false" />
                <line number="15" hits="4" branch="false" />
                <line number="16" hits="4" branch="false" />
                <line number="17" hits="4" branch="false" />
                <line number="18" hits="4" branch="false" />
                <line number="19" hits="4" branch="false" />
                <line number="20" hits="8" branch="false" />
                <line number="21" hits="4" branch="false" />
              </lines>
            </method>
          </methods>
          <lines>
            <line number="8" hits="4" branch="false" />
            <line number="9" hits="4" branch="false" />
            <line number="10" hits="8" branch="false" />
            <line number="11" hits="4" branch="false" />
            <line number="12" hits="4" branch="false" />
            <line number="13" hits="4" branch="false" />
            <line number="14" hits="4" branch="false" />
            <line number="15" hits="4" branch="false" />
            <line number="16" hits="4" branch="false" />
            <line number="17" hits="4" branch="false" />
            <line number="18" hits="4" branch="false" />
            <line number="19" hits="4" branch="false" />
            <line number="20" hits="8" branch="false" />
            <line number="21" hits="4" branch="false" />
          </lines>
        </class>
        <class name="BinanceBot.Core.MarketTradeHandler" filename="D:\a\BinanceBot\BinanceBot\BinanceBot\Core\MarketTradeHandler.cs" line-rate="1" branch-rate="1" complexity="12">
          <methods>
            <method name=".ctor" signature="(BinanceBot.Abstraction.IExchangeHttpClient,TradingCalculation.ITechnicalIndicatorsCalculator,BinanceBot.Abstraction.IPriceRetriever,BinanceBot.Abstraction.ITradeAction,BinanceBot.Abstraction.ILogger,TradingCalculation.Strategy.TradingStrategy)" line-rate="1" branch-rate="1" complexity="2">
              <lines>
                <line number="7" hits="6" branch="false" />
                <line number="8" hits="6" branch="false" />
                <line number="9" hits="6" branch="false" />
                <line number="10" hits="6" branch="false" />
                <line number="11" hits="6" branch="false" />
                <line number="12" hits="6" branch="false" />
                <line number="14" hits="6" branch="true" condition-coverage="100% (2/2)" />
              </lines>
            </method>
            <method name="TradeOnLimitAsync" signature="()" line-rate="1" branch-rate="1" complexity="10">
              <lines>
                <line number="17" hits="4" branch="false" />
                <line number="19" hits="4" branch="false" />
                <line number="20" hits="4" branch="false" />
                <line number="22" hits="8" branch="false" />
                <line number="23" hits="8" branch="false" />
                <line number="24" hits="8" branch="false" />
                <line number="25" hits="8" branch="false" />
                <line number="26" hits="8" branch="false" />
                <line number="27" hits="8" branch="false" />
                <line number="29" hits="8" branch="false" />
                <line number="30" hits="8" branch="false" />
                <line number="31" hits="8" branch="false" />
                <line number="34" hits="8" branch="false" />
                <line number="37" hits="7" branch="false" />
                <line number="38" hits="7" branch="false" />
                <line number="43" hits="7" branch="false" />
                <line number="45" hits="7" branch="false" />
                <line number="47" hits="7" branch="false" />
                <line number="48" hits="7" branch="false" />
                <line number="49" hits="7" branch="false" />
                <line number="51" hits="7" branch="false" />
                <line number="52" hits="7" branch="false" />
                <line number="53" hits="7" branch="false" />
                <line number="55" hits="7" branch="false" />
                <line number="57" hits="7" branch="true" condition-coverage="100% (6/6)" />
                <line number="58" hits="3" branch="false" />
                <line number="59" hits="3" branch="false" />
                <line number="60" hits="3" branch="false" />
                <line number="62" hits="7" branch="false" />
                <line number="64" hits="7" branch="true" condition-coverage="100% (2/2)" />
                <line number="65" hits="6" branch="false" />
                <line number="66" hits="6" branch="false" />
                <line number="67" hits="6" branch="true" condition-coverage="100% (2/2)" />
                <line number="68" hits="3" branch="false" />
                <line number="72" hits="3" branch="false" />
                <line number="74" hits="3" branch="false" />
                <line number="75" hits="3" branch="false" />
                <line number="77" hits="1" branch="false" />
                <line number="78" hits="1" branch="false" />
                <line number="79" hits="1" branch="false" />
                <line number="80" hits="1" branch="false" />
                <line number="82" hits="4" branch="false" />
                <line number="83" hits="4" branch="false" />
                <line number="84" hits="4" branch="false" />
                <line number="85" hits="4" branch="false" />
                <line number="86" hits="4" branch="false" />
                <line number="87" hits="4" branch="false" />
                <line number="88" hits="4" branch="false" />
                <line number="89" hits="4" branch="false" />
                <line number="91" hits="4" branch="false" />
                <line number="92" hits="3" branch="false" />
                <line number="93" hits="1" branch="false" />
                <line number="94" hits="1" branch="false" />
                <line number="95" hits="1" branch="false" />
                <line number="96" hits="1" branch="false" />
                <line number="98" hits="3" branch="false" />
              </lines>
            </method>
          </methods>
          <lines>
            <line number="7" hits="6" branch="false" />
            <line number="8" hits="6" branch="false" />
            <line number="9" hits="6" branch="false" />
            <line number="10" hits="6" branch="false" />
            <line number="11" hits="6" branch="false" />
            <line number="12" hits="6" branch="false" />
            <line number="14" hits="6" branch="true" condition-coverage="100% (2/2)" />
            <line number="17" hits="4" branch="false" />
            <line number="19" hits="4" branch="false" />
            <line number="20" hits="4" branch="false" />
            <line number="22" hits="8" branch="false" />
            <line number="23" hits="8" branch="false" />
            <line number="24" hits="8" branch="false" />
            <line number="25" hits="8" branch="false" />
            <line number="26" hits="8" branch="false" />
            <line number="27" hits="8" branch="false" />
            <line number="29" hits="8" branch="false" />
            <line number="30" hits="8" branch="false" />
            <line number="31" hits="8" branch="false" />
            <line number="34" hits="8" branch="false" />
            <line number="37" hits="7" branch="false" />
            <line number="38" hits="7" branch="false" />
            <line number="43" hits="7" branch="false" />
            <line number="45" hits="7" branch="false" />
            <line number="47" hits="7" branch="false" />
            <line number="48" hits="7" branch="false" />
            <line number="49" hits="7" branch="false" />
            <line number="51" hits="7" branch="false" />
            <line number="52" hits="7" branch="false" />
            <line number="53" hits="7" branch="false" />
            <line number="55" hits="7" branch="false" />
            <line number="57" hits="7" branch="true" condition-coverage="100% (6/6)" />
            <line number="58" hits="3" branch="false" />
            <line number="59" hits="3" branch="false" />
            <line number="60" hits="3" branch="false" />
            <line number="62" hits="7" branch="false" />
            <line number="64" hits="7" branch="true" condition-coverage="100% (2/2)" />
            <line number="65" hits="6" branch="false" />
            <line number="66" hits="6" branch="false" />
            <line number="67" hits="6" branch="true" condition-coverage="100% (2/2)" />
            <line number="68" hits="3" branch="false" />
            <line number="72" hits="3" branch="false" />
            <line number="74" hits="3" branch="false" />
            <line number="75" hits="3" branch="false" />
            <line number="77" hits="1" branch="false" />
            <line number="78" hits="1" branch="false" />
            <line number="79" hits="1" branch="false" />
            <line number="80" hits="1" branch="false" />
            <line number="82" hits="4" branch="false" />
            <line number="83" hits="4" branch="false" />
            <line number="84" hits="4" branch="false" />
            <line number="85" hits="4" branch="false" />
            <line number="86" hits="4" branch="false" />
            <line number="87" hits="4" branch="false" />
            <line number="88" hits="4" branch="false" />
            <line number="89" hits="4" branch="false" />
            <line number="91" hits="4" branch="false" />
            <line number="92" hits="3" branch="false" />
            <line number="93" hits="1" branch="false" />
            <line number="94" hits="1" branch="false" />
            <line number="95" hits="1" branch="false" />
            <line number="96" hits="1" branch="false" />
            <line number="98" hits="3" branch="false" />
          </lines>
        </class>
        <class name="BinanceBot.Core.PriceRetriever" filename="D:\a\BinanceBot\BinanceBot\BinanceBot\Core\PriceRetriever.cs" line-rate="1" branch-rate="0.7142857142857143" complexity="41">
          <methods>
            <method name="GetClosingPrices" signature="(System.Collections.Generic.List`1&lt;System.Collections.Generic.List`1&lt;System.Object&gt;&gt;)" line-rate="1" branch-rate="1" complexity="4">
              <lines>
                <line number="20" hits="9" branch="false" />
                <line number="21" hits="9" branch="false" />
                <line number="22" hits="520" branch="true" condition-coverage="100% (2/2)" />
                <line number="23" hits="247" branch="false" />
                <line number="24" hits="247" branch="false" />
                <line number="25" hits="247" branch="false" />
                <line number="26" hits="247" branch="true" condition-coverage="100% (2/2)" />
                <line number="27" hits="1" branch="false" />
                <line number="28" hits="246" branch="false" />
                <line number="29" hits="246" branch="false" />
                <line number="30" hits="8" branch="false" />
                <line number="31" hits="8" branch="false" />
              </lines>
            </method>
            <method name=".ctor" signature="(BinanceBot.Abstraction.IExchangeHttpClient,BinanceBot.Abstraction.ILogger)" line-rate="1" branch-rate="1" complexity="1">
              <lines>
                <line number="8" hits="10" branch="false" />
                <line number="9" hits="10" branch="false" />
                <line number="10" hits="10" branch="false" />
              </lines>
            </method>
            <method name="HandleDiscountAsync" signature="()" line-rate="1" branch-rate="0.6" complexity="36">
              <lines>
                <line number="34" hits="3" branch="false" />
                <line number="35" hits="3" branch="false" />
                <line number="36" hits="3" branch="false" />
                <line number="37" hits="3" branch="false" />
                <line number="38" hits="10" branch="false" />
                <line number="39" hits="3" branch="true" condition-coverage="50% (1/2)" />
                <line number="40" hits="3" branch="true" condition-coverage="50% (1/2)" />
                <line number="41" hits="3" branch="false" />
                <line number="43" hits="3" branch="true" condition-coverage="100% (2/2)" />
                <line number="44" hits="1" branch="false" />
                <line number="45" hits="1" branch="true" condition-coverage="50% (2/4)" />
                <line number="46" hits="2" branch="false" />
                <line number="47" hits="3" branch="false" />
                <line number="48" hits="1" branch="false" />
                <line number="49" hits="2" branch="false" />
                <line number="50" hits="1" branch="false" />
                <line number="51" hits="1" branch="false" />
                <line number="52" hits="1" branch="false" />
                <line number="53" hits="1" branch="false" />
                <line number="56" hits="3" branch="false" />
              </lines>
            </method>
          </methods>
          <lines>
            <line number="8" hits="10" branch="false" />
            <line number="9" hits="10" branch="false" />
            <line number="10" hits="10" branch="false" />
            <line number="20" hits="9" branch="false" />
            <line number="21" hits="9" branch="false" />
            <line number="22" hits="520" branch="true" condition-coverage="100% (2/2)" />
            <line number="23" hits="247" branch="false" />
            <line number="24" hits="247" branch="false" />
            <line number="25" hits="247" branch="false" />
            <line number="26" hits="247" branch="true" condition-coverage="100% (2/2)" />
            <line number="27" hits="1" branch="false" />
            <line number="28" hits="246" branch="false" />
            <line number="29" hits="246" branch="false" />
            <line number="30" hits="8" branch="false" />
            <line number="31" hits="8" branch="false" />
            <line number="34" hits="3" branch="false" />
            <line number="35" hits="3" branch="false" />
            <line number="36" hits="3" branch="false" />
            <line number="37" hits="3" branch="false" />
            <line number="38" hits="10" branch="false" />
            <line number="39" hits="3" branch="true" condition-coverage="50% (1/2)" />
            <line number="40" hits="3" branch="true" condition-coverage="50% (1/2)" />
            <line number="41" hits="3" branch="false" />
            <line number="43" hits="3" branch="true" condition-coverage="100% (2/2)" />
            <line number="44" hits="1" branch="false" />
            <line number="45" hits="1" branch="true" condition-coverage="50% (2/4)" />
            <line number="46" hits="2" branch="false" />
            <line number="47" hits="3" branch="false" />
            <line number="48" hits="1" branch="false" />
            <line number="49" hits="2" branch="false" />
            <line number="50" hits="1" branch="false" />
            <line number="51" hits="1" branch="false" />
            <line number="52" hits="1" branch="false" />
            <line number="53" hits="1" branch="false" />
            <line number="56" hits="3" branch="false" />
          </lines>
        </class>
        <class name="BinanceBot.Core.TradeAction" filename="D:\a\BinanceBot\BinanceBot\BinanceBot\Core\TradeAction.cs" line-rate="1" branch-rate="1" complexity="15">
          <methods>
            <method name="MaxBenefitHasBeenReached" signature="(TradingCalculation.Strategy.TradingStrategy)" line-rate="1" branch-rate="1" complexity="2">
              <lines>
                <line number="99" hits="6" branch="false" />
                <line number="100" hits="6" branch="true" condition-coverage="100% (2/2)" />
                <line number="101" hits="5" branch="false" />
                <line number="102" hits="5" branch="false" />
                <line number="103" hits="5" branch="false" />
                <line number="106" hits="1" branch="false" />
                <line number="107" hits="6" branch="false" />
              </lines>
            </method>
            <method name=".ctor" signature="(BinanceBot.Abstraction.IExchangeHttpClient,TradingCalculation.ITechnicalIndicatorsCalculator,BinanceBot.Abstraction.ILogger)" line-rate="1" branch-rate="1" complexity="1">
              <lines>
                <line number="8" hits="13" branch="false" />
                <line number="9" hits="13" branch="false" />
                <line number="10" hits="13" branch="false" />
                <line number="11" hits="13" branch="false" />
              </lines>
            </method>
            <method name="Buy" signature="()" line-rate="1" branch-rate="1" complexity="2">
              <lines>
                <line number="14" hits="5" branch="false" />
                <line number="15" hits="5" branch="false" />
                <line number="16" hits="5" branch="false" />
                <line number="18" hits="5" branch="false" />
                <line number="19" hits="5" branch="false" />
                <line number="21" hits="5" branch="false" />
                <line number="22" hits="5" branch="false" />
                <line number="23" hits="5" branch="false" />
                <line number="24" hits="5" branch="false" />
                <line number="26" hits="5" branch="true" condition-coverage="100% (2/2)" />
                <line number="27" hits="4" branch="false" />
                <line number="28" hits="4" branch="false" />
                <line number="29" hits="4" branch="false" />
                <line number="30" hits="4" branch="false" />
                <line number="32" hits="1" branch="false" />
                <line number="33" hits="1" branch="false" />
                <line number="34" hits="1" branch="false" />
                <line number="35" hits="1" branch="false" />
                <line number="37" hits="5" branch="false" />
                <line number="39" hits="5" branch="false" />
                <line number="40" hits="5" branch="false" />
              </lines>
            </method>
            <method name="Sell" signature="()" line-rate="1" branch-rate="1" complexity="6">
              <lines>
                <line number="46" hits="10" branch="false" />
                <line number="47" hits="10" branch="false" />
                <line number="48" hits="10" branch="false" />
                <line number="49" hits="10" branch="false" />
                <line number="50" hits="10" branch="false" />
                <line number="51" hits="10" branch="false" />
                <line number="52" hits="10" branch="false" />
                <line number="56" hits="10" branch="false" />
                <line number="57" hits="10" branch="false" />
                <line number="58" hits="10" branch="false" />
                <line number="59" hits="10" branch="false" />
                <line number="60" hits="10" branch="false" />
                <line number="61" hits="10" branch="false" />
                <line number="62" hits="10" branch="false" />
                <line number="63" hits="10" branch="false" />
                <line number="65" hits="10" branch="true" condition-coverage="100% (2/2)" />
                <line number="66" hits="4" branch="false" />
                <line number="68" hits="6" branch="true" condition-coverage="100% (2/2)" />
                <line number="69" hits="3" branch="false" />
                <line number="70" hits="3" branch="false" />
                <line number="71" hits="3" branch="false" />
                <line number="73" hits="6" branch="false" />
                <line number="74" hits="6" branch="false" />
                <line number="75" hits="6" branch="false" />
                <line number="76" hits="6" branch="false" />
                <line number="78" hits="6" branch="true" condition-coverage="100% (2/2)" />
                <line number="79" hits="4" branch="false" />
                <line number="80" hits="4" branch="false" />
                <line number="81" hits="4" branch="false" />
                <line number="82" hits="4" branch="false" />
                <line number="84" hits="2" branch="false" />
                <line number="85" hits="2" branch="false" />
                <line number="86" hits="2" branch="false" />
                <line number="87" hits="2" branch="false" />
                <line number="89" hits="6" branch="false" />
                <line number="91" hits="6" branch="false" />
                <line number="95" hits="6" branch="false" />
                <line number="96" hits="10" branch="false" />
              </lines>
            </method>
            <method name="WaitBuyAsync" signature="()" line-rate="1" branch-rate="1" complexity="2">
              <lines>
                <line number="110" hits="6" branch="false" />
                <line number="111" hits="6" branch="false" />
                <line number="113" hits="8" branch="false" />
                <line number="114" hits="8" branch="false" />
                <line number="115" hits="10" branch="true" condition-coverage="100% (2/2)" />
                <line number="116" hits="2" branch="false" />
                <line number="117" hits="2" branch="false" />
                <line number="118" hits="2" branch="false" />
                <line number="119" hits="2" branch="false" />
                <line number="121" hits="6" branch="false" />
                <line number="122" hits="6" branch="false" />
                <line number="123" hits="6" branch="false" />
                <line number="125" hits="2" branch="false" />
                <line number="126" hits="2" branch="false" />
                <line number="127" hits="6" branch="false" />
              </lines>
            </method>
            <method name="WaitSellAsync" signature="()" line-rate="1" branch-rate="1" complexity="2">
              <lines>
                <line number="130" hits="7" branch="false" />
                <line number="131" hits="7" branch="false" />
                <line number="133" hits="9" branch="false" />
                <line number="134" hits="9" branch="false" />
                <line number="135" hits="11" branch="true" condition-coverage="100% (2/2)" />
                <line number="136" hits="2" branch="false" />
                <line number="137" hits="2" branch="false" />
                <line number="138" hits="2" branch="false" />
                <line number="139" hits="2" branch="false" />
                <line number="141" hits="7" branch="false" />
                <line number="142" hits="7" branch="false" />
                <line number="143" hits="7" branch="false" />
                <line number="145" hits="2" branch="false" />
                <line number="146" hits="2" branch="false" />
                <line number="147" hits="7" branch="false" />
              </lines>
            </method>
          </methods>
          <lines>
            <line number="8" hits="13" branch="false" />
            <line number="9" hits="13" branch="false" />
            <line number="10" hits="13" branch="false" />
            <line number="11" hits="13" branch="false" />
            <line number="14" hits="5" branch="false" />
            <line number="15" hits="5" branch="false" />
            <line number="16" hits="5" branch="false" />
            <line number="18" hits="5" branch="false" />
            <line number="19" hits="5" branch="false" />
            <line number="21" hits="5" branch="false" />
            <line number="22" hits="5" branch="false" />
            <line number="23" hits="5" branch="false" />
            <line number="24" hits="5" branch="false" />
            <line number="26" hits="5" branch="true" condition-coverage="100% (2/2)" />
            <line number="27" hits="4" branch="false" />
            <line number="28" hits="4" branch="false" />
            <line number="29" hits="4" branch="false" />
            <line number="30" hits="4" branch="false" />
            <line number="32" hits="1" branch="false" />
            <line number="33" hits="1" branch="false" />
            <line number="34" hits="1" branch="false" />
            <line number="35" hits="1" branch="false" />
            <line number="37" hits="5" branch="false" />
            <line number="39" hits="5" branch="false" />
            <line number="40" hits="5" branch="false" />
            <line number="46" hits="10" branch="false" />
            <line number="47" hits="10" branch="false" />
            <line number="48" hits="10" branch="false" />
            <line number="49" hits="10" branch="false" />
            <line number="50" hits="10" branch="false" />
            <line number="51" hits="10" branch="false" />
            <line number="52" hits="10" branch="false" />
            <line number="56" hits="10" branch="false" />
            <line number="57" hits="10" branch="false" />
            <line number="58" hits="10" branch="false" />
            <line number="59" hits="10" branch="false" />
            <line number="60" hits="10" branch="false" />
            <line number="61" hits="10" branch="false" />
            <line number="62" hits="10" branch="false" />
            <line number="63" hits="10" branch="false" />
            <line number="65" hits="10" branch="true" condition-coverage="100% (2/2)" />
            <line number="66" hits="4" branch="false" />
            <line number="68" hits="6" branch="true" condition-coverage="100% (2/2)" />
            <line number="69" hits="3" branch="false" />
            <line number="70" hits="3" branch="false" />
            <line number="71" hits="3" branch="false" />
            <line number="73" hits="6" branch="false" />
            <line number="74" hits="6" branch="false" />
            <line number="75" hits="6" branch="false" />
            <line number="76" hits="6" branch="false" />
            <line number="78" hits="6" branch="true" condition-coverage="100% (2/2)" />
            <line number="79" hits="4" branch="false" />
            <line number="80" hits="4" branch="false" />
            <line number="81" hits="4" branch="false" />
            <line number="82" hits="4" branch="false" />
            <line number="84" hits="2" branch="false" />
            <line number="85" hits="2" branch="false" />
            <line number="86" hits="2" branch="false" />
            <line number="87" hits="2" branch="false" />
            <line number="89" hits="6" branch="false" />
            <line number="91" hits="6" branch="false" />
            <line number="95" hits="6" branch="false" />
            <line number="96" hits="10" branch="false" />
            <line number="99" hits="6" branch="false" />
            <line number="100" hits="6" branch="true" condition-coverage="100% (2/2)" />
            <line number="101" hits="5" branch="false" />
            <line number="102" hits="5" branch="false" />
            <line number="103" hits="5" branch="false" />
            <line number="106" hits="1" branch="false" />
            <line number="107" hits="6" branch="false" />
            <line number="110" hits="6" branch="false" />
            <line number="111" hits="6" branch="false" />
            <line number="113" hits="8" branch="false" />
            <line number="114" hits="8" branch="false" />
            <line number="115" hits="10" branch="true" condition-coverage="100% (2/2)" />
            <line number="116" hits="2" branch="false" />
            <line number="117" hits="2" branch="false" />
            <line number="118" hits="2" branch="false" />
            <line number="119" hits="2" branch="false" />
            <line number="121" hits="6" branch="false" />
            <line number="122" hits="6" branch="false" />
            <line number="123" hits="6" branch="false" />
            <line number="125" hits="2" branch="false" />
            <line number="126" hits="2" branch="false" />
            <line number="127" hits="6" branch="false" />
            <line number="130" hits="7" branch="false" />
            <line number="131" hits="7" branch="false" />
            <line number="133" hits="9" branch="false" />
            <line number="134" hits="9" branch="false" />
            <line number="135" hits="11" branch="true" condition-coverage="100% (2/2)" />
            <line number="136" hits="2" branch="false" />
            <line number="137" hits="2" branch="false" />
[...]
                <line number="59" hits="0" branch="false" />
                <line number="60" hits="0" branch="false" />
                <line number="61" hits="0" branch="false" />
                <line number="62" hits="0" branch="false" />
                <line number="63" hits="0" branch="false" />
                <line number="65" hits="0" branch="false" />
                <line number="67" hits="0" branch="false" />
                <line number="69" hits="0" branch="false" />
                <line number="71" hits="0" branch="false" />
                <line number="73" hits="0" branch="false" />
                <line number="74" hits="0" branch="false" />
              </lines>
            </method>
          </methods>
          <lines>
            <line number="19" hits="0" branch="false" />
            <line number="21" hits="0" branch="false" />
            <line number="22" hits="0" branch="false" />
            <line number="24" hits="0" branch="false" />
            <line number="25" hits="0" branch="false" />
            <line number="27" hits="0" branch="false" />
            <line number="29" hits="0" branch="false" />
            <line number="30" hits="0" branch="false" />
            <line number="32" hits="0" branch="false" />
            <line number="33" hits="0" branch="false" />
            <line number="35" hits="0" branch="false" />
            <line number="36" hits="0" branch="false" />
            <line number="37" hits="0" branch="false" />
            <line number="38" hits="0" branch="false" />
            <line number="40" hits="0" branch="false" />
            <line number="41" hits="0" branch="false" />
            <line number="42" hits="0" branch="false" />
            <line number="43" hits="0" branch="false" />
            <line number="44" hits="0" branch="false" />
            <line number="45" hits="0" branch="false" />
            <line number="46" hits="0" branch="false" />
            <line number="47" hits="0" branch="false" />
            <line number="48" hits="0" branch="false" />
            <line number="49" hits="0" branch="false" />
            <line number="50" hits="0" branch="false" />
            <line number="51" hits="0" branch="false" />
            <line number="52" hits="0" branch="false" />
            <line number="53" hits="0" branch="false" />
            <line number="54" hits="0" branch="false" />
            <line number="55" hits="0" branch="false" />
            <line number="56" hits="0" branch="false" />
            <line number="57" hits="0" branch="false" />
            <line number="58" hits="0" branch="false" />
            <line number="59" hits="0" branch="false" />
            <line number="60" hits="0" branch="false" />
            <line number="61" hits="0" branch="false" />
            <line number="62" hits="0" branch="false" />
            <line number="63" hits="0" branch="false" />
            <line number="65" hits="0" branch="false" />
            <line number="67" hits="0" branch="false" />
            <line number="69" hits="0" branch="false" />
            <line number="71" hits="0" branch="false" />
            <line number="73" hits="0" branch="false" />
            <line number="74" hits="0" branch="false" />
          </lines>
        </class>
      </classes>
    </package>
    <package name="TradingCalculation" line-rate="0.7294117647058823" branch-rate="1" complexity="33">
      <classes>
        <class name="TradingCalculation.Strategy.StopLossStrategy" filename="D:\a\BinanceBot\BinanceBot\TradingCalculation\Strategy\StopLossStrategy.cs" line-rate="1" branch-rate="1" complexity="4">
          <methods>
            <method name="get_StopLossPercentage" signature="()" line-rate="1" branch-rate="1" complexity="1">
              <lines>
                <line number="5" hits="22" branch="false" />
              </lines>
            </method>
            <method name="get_VolatilityMultiplier" signature="()" line-rate="1" branch-rate="1" complexity="1">
              <lines>
                <line number="6" hits="16" branch="false" />
              </lines>
            </method>
            <method name="get_FloorStopLossPercentage" signature="()" line-rate="1" branch-rate="1" complexity="1">
              <lines>
                <line number="7" hits="16" branch="false" />
              </lines>
            </method>
            <method name="get_CeilingStopLossPercentage" signature="()" line-rate="1" branch-rate="1" complexity="1">
              <lines>
                <line number="8" hits="16" branch="false" />
              </lines>
            </method>
          </methods>
          <lines>
            <line number="5" hits="22" branch="false" />
            <line number="6" hits="16" branch="false" />
            <line number="7" hits="16" branch="false" />
            <line number="8" hits="16" branch="false" />
          </lines>
        </class>
        <class name="TradingCalculation.Strategy.TradingStrategy" filename="D:\a\BinanceBot\BinanceBot\TradingCalculation\Strategy\TradingStrategy.cs" line-rate="1" branch-rate="1" complexity="14">
          <methods>
            <method name="get_TargetProfit" signature="()" line-rate="1" branch-rate="1" complexity="1">
              <lines>
                <line number="5" hits="57" branch="false" />
              </lines>
            </method>
            <method name="get_Quantity" signature="()" line-rate="1" branch-rate="1" complexity="1">
              <lines>
                <line number="6" hits="155" branch="false" />
              </lines>
            </method>
            <method name="get_MaxRSI" signature="()" line-rate="1" branch-rate="1" complexity="1">
              <lines>
                <line number="7" hits="28" branch="false" />
              </lines>
            </method>
            <method name="get_FeePercentage" signature="()" line-rate="1" branch-rate="1" complexity="1">
              <lines>
                <line number="8" hits="80" branch="false" />
              </lines>
            </method>
            <method name="get_Discount" signature="()" line-rate="1" branch-rate="1" complexity="1">
              <lines>
                <line number="9" hits="72" branch="false" />
              </lines>
            </method>
            <method name="get_TotalBenefit" signature="()" line-rate="1" branch-rate="1" complexity="1">
              <lines>
                <line number="10" hits="58" branch="false" />
              </lines>
            </method>
            <method name="get_TotalPurchaseCost" signature="()" line-rate="1" branch-rate="1" complexity="1">
              <lines>
                <line number="11" hits="49" branch="false" />
              </lines>
            </method>
            <method name="get_CryptoPurchasePrice" signature="()" line-rate="1" branch-rate="1" complexity="1">
              <lines>
                <line number="12" hits="91" branch="false" />
              </lines>
            </method>
            <method name="get_Period" signature="()" line-rate="1" branch-rate="1" complexity="1">
              <lines>
                <line number="13" hits="51" branch="false" />
              </lines>
            </method>
            <method name="get_Interval" signature="()" line-rate="1" branch-rate="1" complexity="1">
              <lines>
                <line number="14" hits="43" branch="false" />
              </lines>
            </method>
            <method name="get_Symbol" signature="()" line-rate="1" branch-rate="1" complexity="1">
              <lines>
                <line number="15" hits="176" branch="false" />
              </lines>
            </method>
            <method name="get_LimitBenefit" signature="()" line-rate="1" branch-rate="1" complexity="1">
              <lines>
                <line number="16" hits="43" branch="false" />
              </lines>
            </method>
            <method name="get_OpenPosition" signature="()" line-rate="1" branch-rate="1" complexity="1">
              <lines>
                <line number="17" hits="56" branch="false" />
              </lines>
            </method>
            <method name="get_TestMode" signature="()" line-rate="1" branch-rate="1" complexity="1">
              <lines>
                <line number="18" hits="43" branch="false" />
              </lines>
            </method>
          </methods>
          <lines>
            <line number="5" hits="57" branch="false" />
            <line number="6" hits="155" branch="false" />
            <line number="7" hits="28" branch="false" />
            <line number="8" hits="80" branch="false" />
            <line number="9" hits="72" branch="false" />
            <line number="10" hits="58" branch="false" />
            <line number="11" hits="49" branch="false" />
            <line number="12" hits="91" branch="false" />
            <line number="13" hits="51" branch="false" />
            <line number="14" hits="43" branch="false" />
            <line number="15" hits="176" branch="false" />
            <line number="16" hits="43" branch="false" />
            <line number="17" hits="56" branch="false" />
            <line number="18" hits="43" branch="false" />
          </lines>
        </class>
        <class name="TradingCalculation.TechnicalIndicatorsCalculator" filename="D:\a\BinanceBot\BinanceBot\TradingCalculation\TechnicalIndicatorsCalculator.cs" line-rate="0.6567164179104478" branch-rate="1" complexity="15">
          <methods>
            <method name="IsTargetPriceAchievable" signature="(System.Decimal,System.Collections.Generic.List`1&lt;System.Decimal&gt;)" line-rate="0" branch-rate="1" complexity="1">
              <lines>
                <line number="9" hits="0" branch="false" />
                <line number="11" hits="0" branch="false" />
                <line number="12" hits="0" branch="false" />
                <line number="17" hits="0" branch="false" />
                <line number="19" hits="0" branch="false" />
                <line number="20" hits="0" branch="false" />
              </lines>
            </method>
            <method name="CalculateStandardDeviation" signature="(System.Collections.Generic.List`1&lt;System.Decimal&gt;,System.Decimal)" line-rate="0" branch-rate="1" complexity="1">
              <lines>
                <line number="23" hits="0" branch="false" />
                <line number="24" hits="0" branch="false" />
                <line number="25" hits="0" branch="false" />
                <line number="26" hits="0" branch="false" />
                <line number="27" hits="0" branch="false" />
              </lines>
            </method>
            <method name="CalculateProfit" signature="(System.Decimal,System.Decimal,System.Decimal,System.Decimal,System.Decimal)" line-rate="0" branch-rate="1" complexity="1">
              <lines>
                <line number="29" hits="0" branch="false" />
                <line number="30" hits="0" branch="false" />
                <line number="31" hits="0" branch="false" />
                <line number="32" hits="0" branch="false" />
                <line number="34" hits="0" branch="false" />
                <line number="36" hits="0" branch="false" />
                <line number="37" hits="0" branch="false" />
                <line number="38" hits="0" branch="false" />
                <line number="40" hits="0" branch="false" />
                <line number="42" hits="0" branch="false" />
                <line number="44" hits="0" branch="false" />
                <line number="45" hits="0" branch="false" />
              </lines>
            </method>
            <method name="CalculateMinimumSellingPrice" signature="(System.Decimal,System.Decimal,System.Decimal,System.Decimal,System.Decimal)" line-rate="1" branch-rate="1" complexity="1">
              <lines>
                <line number="48" hits="2" branch="false" />
                <line number="49" hits="2" branch="false" />
                <line number="51" hits="2" branch="false" />
                <line number="52" hits="2" branch="false" />
                <line number="54" hits="2" branch="false" />
                <line number="56" hits="2" branch="false" />
                <line number="57" hits="2" branch="false" />
                <line number="59" hits="2" branch="false" />
                <line number="60" hits="2" branch="false" />
              </lines>
            </method>
            <method name="CalculateMovingAverage" signature="(System.Collections.Generic.IEnumerable`1&lt;System.Decimal&gt;,System.Int32)" line-rate="1" branch-rate="1" complexity="2">
              <lines>
                <line number="63" hits="1" branch="false" />
                <line number="64" hits="1" branch="false" />
                <line number="66" hits="7" branch="true" condition-coverage="100% (2/2)" />
                <line number="67" hits="2" branch="false" />
                <line number="69" hits="1" branch="false" />
                <line number="70" hits="1" branch="false" />
              </lines>
            </method>
            <method name="CalculateRSI" signature="(System.Collections.Generic.IEnumerable`1&lt;System.Decimal&gt;,System.Int32)" line-rate="1" branch-rate="1" complexity="6">
              <lines>
                <line number="73" hits="3" branch="false" />
                <line number="74" hits="6" branch="false" />
                <line number="76" hits="132" branch="true" condition-coverage="100% (2/2)" />
                <line number="77" hits="63" branch="false" />
                <line number="78" hits="63" branch="false" />
                <line number="80" hits="63" branch="true" condition-coverage="100% (2/2)" />
                <line number="81" hits="32" branch="false" />
                <line number="83" hits="31" branch="false" />
                <line number="84" hits="63" branch="false" />
                <line number="86" hits="3" branch="false" />
                <line number="87" hits="3" branch="false" />
                <line number="89" hits="3" branch="true" condition-coverage="100% (2/2)" />
                <line number="91" hits="3" branch="false" />
                <line number="92" hits="3" branch="false" />
              </lines>
            </method>
            <method name="CalculateVolatility" signature="(System.Collections.Generic.IEnumerable`1&lt;System.Decimal&gt;)" line-rate="1" branch-rate="1" complexity="1">
              <lines>
                <line number="95" hits="1" branch="false" />
                <line number="96" hits="1" branch="false" />
                <line number="97" hits="3" branch="false" />
                <line number="98" hits="1" branch="false" />
                <line number="100" hits="1" branch="false" />
                <line number="101" hits="1" branch="false" />
              </lines>
            </method>
            <method name="DetermineLossStrategy" signature="(System.Decimal,System.Decimal)" line-rate="1" branch-rate="1" complexity="1">
              <lines>
                <line number="104" hits="3" branch="false" />
                <line number="105" hits="3" branch="false" />
                <line number="106" hits="3" branch="false" />
                <line number="107" hits="3" branch="false" />
                <line number="108" hits="3" branch="false" />
                <line number="109" hits="3" branch="false" />
                <line number="111" hits="3" branch="false" />
                <line number="112" hits="3" branch="false" />
              </lines>
            </method>
            <method name=".ctor" signature="()" line-rate="1" branch-rate="1" complexity="1">
              <lines>
                <line number="7" hits="9" branch="false" />
              </lines>
            </method>
          </methods>
          <lines>
            <line number="7" hits="9" branch="false" />
            <line number="9" hits="0" branch="false" />
            <line number="11" hits="0" branch="false" />
            <line number="12" hits="0" branch="false" />
            <line number="17" hits="0" branch="false" />
            <line number="19" hits="0" branch="false" />
            <line number="20" hits="0" branch="false" />
            <line number="23" hits="0" branch="false" />
            <line number="24" hits="0" branch="false" />
            <line number="25" hits="0" branch="false" />
            <line number="26" hits="0" branch="false" />
            <line number="27" hits="0" branch="false" />
            <line number="29" hits="0" branch="false" />
            <line number="30" hits="0" branch="false" />
            <line number="31" hits="0" branch="false" />
            <line number="32" hits="0" branch="false" />
            <line number="34" hits="0" branch="false" />
            <line number="36" hits="0" branch="false" />
            <line number="37" hits="0" branch="false" />
            <line number="38" hits="0" branch="false" />
            <line number="40" hits="0" branch="false" />
            <line number="42" hits="0" branch="false" />
            <line number="44" hits="0" branch="false" />
            <line number="45" hits="0" branch="false" />
            <line number="48" hits="2" branch="false" />
            <line number="49" hits="2" branch="false" />
            <line number="51" hits="2" branch="false" />
            <line number="52" hits="2" branch="false" />
            <line number="54" hits="2" branch="false" />
            <line number="56" hits="2" branch="false" />
            <line number="57" hits="2" branch="false" />
            <line number="59" hits="2" branch="false" />
            <line number="60" hits="2" branch="false" />
            <line number="63" hits="1" branch="false" />
            <line number="64" hits="1" branch="false" />
            <line number="66" hits="7" branch="true" condition-coverage="100% (2/2)" />
            <line number="67" hits="2" branch="false" />
            <line number="69" hits="1" branch="false" />
            <line number="70" hits="1" branch="false" />
            <line number="73" hits="3" branch="false" />
            <line number="74" hits="6" branch="false" />
            <line number="76" hits="132" branch="true" condition-coverage="100% (2/2)" />
            <line number="77" hits="63" branch="false" />
            <line number="78" hits="63" branch="false" />
            <line number="80" hits="63" branch="true" condition-coverage="100% (2/2)" />
            <line number="81" hits="32" branch="false" />
            <line number="83" hits="31" branch="false" />
            <line number="84" hits="63" branch="false" />
            <line number="86" hits="3" branch="false" />
            <line number="87" hits="3" branch="false" />
            <line number="89" hits="3" branch="true" condition-coverage="100% (2/2)" />
            <line number="91" hits="3" branch="false" />
            <line number="92" hits="3" branch="false" />
            <line number="95" hits="1" branch="false" />
            <line number="96" hits="1" branch="false" />
            <line number="97" hits="3" branch="false" />
            <line number="98" hits="1" branch="false" />
            <line number="100" hits="1" branch="false" />
            <line number="101" hits="1" branch="false" />
            <line number="104" hits="3" branch="false" />
            <line number="105" hits="3" branch="false" />
            <line number="106" hits="3" branch="false" />
            <line number="107" hits="3" branch="false" />
            <line number="108" hits="3" branch="false" />
            <line number="109" hits="3" branch="false" />
            <line number="111" hits="3" branch="false" />
            <line number="112" hits="3" branch="false" />
          </lines>
        </class>
      </classes>
    </package>
  </packages>
</coverage>