<?xml version="1.0" encoding="utf-8"?>
<!DOCTYPE coverage SYSTEM "http://cobertura.sourceforge.net/xml/coverage-04.dtd">
<coverage line-rate="0.5906735751295337" branch-rate="0.5384615384615384" lines-covered="228" lines-valid="386" branches-covered="28" branches-valid="52" complexity="108" version="0" timestamp="1703738343">
  <sources>
    <source>D:\a\BinanceBot\BinanceBot\BinanceBot\</source>
  </sources>
  <packages>
    <package name="BinanceBot" line-rate="0.5906735751295337" branch-rate="0.5384615384615384" complexity="108">
      <classes>
        <class name="BinanceBot.Core.BinanceClient" filename="D:\a\BinanceBot\BinanceBot\BinanceBot\Core\BinanceClient.cs" line-rate="0" branch-rate="0" complexity="12">
          <methods>
            <method name="Finalize" signature="()" line-rate="0" branch-rate="1" complexity="1">
              <lines>
                <line number="30" hits="0" branch="false" />
                <line number="31" hits="0" branch="false" />
                <line number="32" hits="0" branch="false" />
              </lines>
            </method>
            <method name="Sign" signature="(System.String,System.String)" line-rate="0" branch-rate="1" complexity="1">
              <lines>
                <line number="101" hits="0" branch="false" />
                <line number="102" hits="0" branch="false" />
                <line number="103" hits="0" branch="false" />
                <line number="104" hits="0" branch="false" />
                <line number="105" hits="0" branch="false" />
              </lines>
            </method>
            <method name=".ctor" signature="(Microsoft.Extensions.Configuration.IConfiguration,System.Boolean)" line-rate="0" branch-rate="0" complexity="4">
              <lines>
                <line number="13" hits="0" branch="false" />
                <line number="15" hits="0" branch="false" />
                <line number="16" hits="0" branch="false" />
                <line number="17" hits="0" branch="false" />
                <line number="19" hits="0" branch="false" />
                <line number="20" hits="0" branch="false" />
                <line number="21" hits="0" branch="true" condition-coverage="0% (0/2)" />
                <line number="22" hits="0" branch="true" condition-coverage="0% (0/2)" />
                <line number="24" hits="0" branch="false" />
                <line number="26" hits="0" branch="false" />
                <line number="27" hits="0" branch="false" />
              </lines>
            </method>
            <method name=".cctor" signature="()" line-rate="0" branch-rate="1" complexity="1">
              <lines>
                <line number="15" hits="0" branch="false" />
              </lines>
            </method>
            <method name="GetKLinesBySymbolAsync" signature="()" line-rate="0" branch-rate="1" complexity="1">
              <lines>
                <line number="35" hits="0" branch="false" />
                <line number="36" hits="0" branch="false" />
                <line number="37" hits="0" branch="false" />
                <line number="38" hits="0" branch="false" />
                <line number="40" hits="0" branch="false" />
                <line number="41" hits="0" branch="false" />
              </lines>
            </method>
            <method name="GetOpenOrdersAsync" signature="()" line-rate="0" branch-rate="1" complexity="1">
              <lines>
                <line number="53" hits="0" branch="false" />
                <line number="54" hits="0" branch="false" />
                <line number="56" hits="0" branch="false" />
                <line number="57" hits="0" branch="false" />
                <line number="58" hits="0" branch="false" />
                <line number="59" hits="0" branch="false" />
                <line number="60" hits="0" branch="false" />
                <line number="61" hits="0" branch="false" />
                <line number="62" hits="0" branch="false" />
                <line number="63" hits="0" branch="false" />
                <line number="64" hits="0" branch="false" />
                <line number="66" hits="0" branch="false" />
                <line number="68" hits="0" branch="false" />
                <line number="69" hits="0" branch="false" />
                <line number="71" hits="0" branch="false" />
                <line number="72" hits="0" branch="false" />
                <line number="74" hits="0" branch="false" />
                <line number="75" hits="0" branch="false" />
                <line number="76" hits="0" branch="false" />
                <line number="78" hits="0" branch="false" />
              </lines>
            </method>
            <method name="GetPriceBySymbolAsync" signature="()" line-rate="0" branch-rate="1" complexity="1">
              <lines>
                <line number="44" hits="0" branch="false" />
                <line number="45" hits="0" branch="false" />
                <line number="46" hits="0" branch="false" />
                <line number="47" hits="0" branch="false" />
                <line number="49" hits="0" branch="false" />
                <line number="50" hits="0" branch="false" />
              </lines>
            </method>
            <method name="PlaceOrderAsync" signature="()" line-rate="0" branch-rate="0" complexity="2">
              <lines>
                <line number="81" hits="0" branch="false" />
                <line number="82" hits="0" branch="true" condition-coverage="0% (0/2)" />
                <line number="83" hits="0" branch="false" />
                <line number="84" hits="0" branch="false" />
                <line number="85" hits="0" branch="false" />
                <line number="86" hits="0" branch="false" />
                <line number="87" hits="0" branch="false" />
                <line number="89" hits="0" branch="false" />
                <line number="91" hits="0" branch="false" />
                <line number="93" hits="0" branch="false" />
                <line number="95" hits="0" branch="false" />
                <line number="97" hits="0" branch="false" />
                <line number="98" hits="0" branch="false" />
              </lines>
            </method>
          </methods>
          <lines>
            <line number="13" hits="0" branch="false" />
            <line number="15" hits="0" branch="false" />
            <line number="16" hits="0" branch="false" />
            <line number="17" hits="0" branch="false" />
            <line number="19" hits="0" branch="false" />
            <line number="20" hits="0" branch="false" />
            <line number="21" hits="0" branch="true" condition-coverage="0% (0/2)" />
            <line number="22" hits="0" branch="true" condition-coverage="0% (0/2)" />
            <line number="24" hits="0" branch="false" />
            <line number="26" hits="0" branch="false" />
            <line number="27" hits="0" branch="false" />
            <line number="30" hits="0" branch="false" />
            <line number="31" hits="0" branch="false" />
            <line number="32" hits="0" branch="false" />
            <line number="35" hits="0" branch="false" />
            <line number="36" hits="0" branch="false" />
            <line number="37" hits="0" branch="false" />
            <line number="38" hits="0" branch="false" />
            <line number="40" hits="0" branch="false" />
            <line number="41" hits="0" branch="false" />
            <line number="44" hits="0" branch="false" />
            <line number="45" hits="0" branch="false" />
            <line number="46" hits="0" branch="false" />
            <line number="47" hits="0" branch="false" />
            <line number="49" hits="0" branch="false" />
            <line number="50" hits="0" branch="false" />
            <line number="53" hits="0" branch="false" />
            <line number="54" hits="0" branch="false" />
            <line number="56" hits="0" branch="false" />
            <line number="57" hits="0" branch="false" />
            <line number="58" hits="0" branch="false" />
            <line number="59" hits="0" branch="false" />
            <line number="60" hits="0" branch="false" />
            <line number="61" hits="0" branch="false" />
            <line number="62" hits="0" branch="false" />
            <line number="63" hits="0" branch="false" />
            <line number="64" hits="0" branch="false" />
            <line number="66" hits="0" branch="false" />
            <line number="68" hits="0" branch="false" />
            <line number="69" hits="0" branch="false" />
            <line number="71" hits="0" branch="false" />
            <line number="72" hits="0" branch="false" />
            <line number="74" hits="0" branch="false" />
            <line number="75" hits="0" branch="false" />
            <line number="76" hits="0" branch="false" />
            <line number="78" hits="0" branch="false" />
            <line number="81" hits="0" branch="false" />
            <line number="82" hits="0" branch="true" condition-coverage="0% (0/2)" />
            <line number="83" hits="0" branch="false" />
            <line number="84" hits="0" branch="false" />
            <line number="85" hits="0" branch="false" />
            <line number="86" hits="0" branch="false" />
            <line number="87" hits="0" branch="false" />
            <line number="89" hits="0" branch="false" />
            <line number="91" hits="0" branch="false" />
            <line number="93" hits="0" branch="false" />
            <line number="95" hits="0" branch="false" />
            <line number="97" hits="0" branch="false" />
            <line number="98" hits="0" branch="false" />
            <line number="101" hits="0" branch="false" />
            <line number="102" hits="0" branch="false" />
            <line number="103" hits="0" branch="false" />
            <line number="104" hits="0" branch="false" />
            <line number="105" hits="0" branch="false" />
          </lines>
        </class>
        <class name="BinanceBot.Core.MarketTradeHandler" filename="D:\a\BinanceBot\BinanceBot\BinanceBot\Core\MarketTradeHandler.cs" line-rate="0.8786407766990292" branch-rate="0.75" complexity="41">
          <methods>
            <method name="PercentageLossStrategy" signature="(System.Decimal)" line-rate="1" branch-rate="1" complexity="1">
              <lines>
                <line number="168" hits="2" branch="false" />
                <line number="169" hits="2" branch="false" />
                <line number="170" hits="2" branch="false" />
                <line number="171" hits="2" branch="false" />
                <line number="172" hits="2" branch="false" />
                <line number="173" hits="2" branch="false" />
                <line number="175" hits="2" branch="false" />
                <line number="176" hits="2" branch="false" />
              </lines>
            </method>
            <method name="MobileAverageCalculation" signature="(System.Collections.Generic.List`1&lt;System.Collections.Generic.List`1&lt;System.Object&gt;&gt;,System.Int32)" line-rate="0.9166666666666666" branch-rate="0.75" complexity="4">
              <lines>
                <line number="179" hits="2" branch="false" />
                <line number="180" hits="2" branch="false" />
                <line number="181" hits="120" branch="false" />
                <line number="182" hits="120" branch="true" condition-coverage="50% (1/2)" />
                <line number="183" hits="0" branch="false" />
                <line number="184" hits="120" branch="false" />
                <line number="185" hits="122" branch="false" />
                <line number="187" hits="2" branch="false" />
                <line number="189" hits="246" branch="true" condition-coverage="100% (2/2)" />
                <line number="190" hits="120" branch="false" />
                <line number="192" hits="2" branch="false" />
                <line number="193" hits="2" branch="false" />
              </lines>
            </method>
            <method name="VolatilityCalculation" signature="(System.Collections.Generic.List`1&lt;System.Collections.Generic.List`1&lt;System.Object&gt;&gt;)" line-rate="1" branch-rate="1" complexity="1">
              <lines>
                <line number="233" hits="2" branch="false" />
                <line number="234" hits="2" branch="false" />
                <line number="235" hits="2" branch="false" />
                <line number="236" hits="122" branch="false" />
                <line number="237" hits="2" branch="false" />
                <line number="239" hits="2" branch="false" />
                <line number="240" hits="2" branch="false" />
              </lines>
            </method>
            <method name="RecuperePrixRecent" signature="(System.Collections.Generic.List`1&lt;System.Collections.Generic.List`1&lt;System.Object&gt;&gt;)" line-rate="0.6666666666666666" branch-rate="0.75" complexity="4">
              <lines>
                <line number="243" hits="2" branch="false" />
                <line number="245" hits="2" branch="false" />
                <line number="246" hits="2" branch="false" />
                <line number="247" hits="246" branch="true" condition-coverage="100% (2/2)" />
                <line number="248" hits="120" branch="false" />
                <line number="249" hits="120" branch="true" condition-coverage="50% (1/2)" />
                <line number="250" hits="0" branch="false" />
                <line number="251" hits="120" branch="false" />
                <line number="252" hits="120" branch="false" />
                <line number="254" hits="2" branch="false" />
                <line number="256" hits="0" branch="false" />
                <line number="257" hits="0" branch="false" />
                <line number="258" hits="0" branch="false" />
                <line number="259" hits="0" branch="false" />
                <line number="261" hits="2" branch="false" />
              </lines>
            </method>
            <method name=".ctor" signature="(BinanceBot.Abstraction.IBinanceClient,BinanceBot.Abstraction.ILogger,BinanceBot.Model.TradingConfig)" line-rate="1" branch-rate="1" complexity="2">
              <lines>
                <line number="22" hits="4" branch="false" />
                <line number="24" hits="4" branch="false" />
                <line number="25" hits="4" branch="false" />
                <line number="26" hits="4" branch="false" />
                <line number="27" hits="4" branch="false" />
                <line number="28" hits="4" branch="false" />
                <line number="29" hits="4" branch="false" />
                <line number="30" hits="4" branch="true" condition-coverage="100% (2/2)" />
                <line number="31" hits="4" branch="false" />
                <line number="32" hits="4" branch="false" />
              </lines>
            </method>
            <method name=".cctor" signature="()" line-rate="1" branch-rate="1" complexity="1">
              <lines>
                <line number="13" hits="1" branch="false" />
                <line number="15" hits="1" branch="false" />
                <line number="16" hits="1" branch="false" />
                <line number="17" hits="1" branch="false" />
                <line number="18" hits="1" branch="false" />
                <line number="19" hits="1" branch="false" />
                <line number="20" hits="1" branch="false" />
              </lines>
            </method>
            <method name="Buy" signature="()" line-rate="1" branch-rate="0.5" complexity="2">
              <lines>
                <line number="107" hits="1" branch="false" />
                <line number="108" hits="1" branch="false" />
                <line number="109" hits="1" branch="false" />
                <line number="111" hits="1" branch="false" />
                <line number="112" hits="1" branch="false" />
                <line number="114" hits="1" branch="false" />
                <line number="115" hits="1" branch="false" />
                <line number="116" hits="1" branch="false" />
                <line number="117" hits="1" branch="false" />
                <line number="119" hits="1" branch="false" />
                <line number="120" hits="1" branch="true" condition-coverage="50% (1/2)" />
                <line number="122" hits="1" branch="false" />
                <line number="124" hits="1" branch="false" />
                <line number="125" hits="1" branch="false" />
              </lines>
            </method>
            <method name="RSICalculation" signature="()" line-rate="0.8" branch-rate="0.6666666666666666" complexity="6">
              <lines>
                <line number="196" hits="2" branch="false" />
                <line number="198" hits="2" branch="false" />
                <line number="199" hits="2" branch="false" />
                <line number="200" hits="4" branch="false" />
                <line number="202" hits="2" branch="false" />
                <line number="209" hits="240" branch="true" condition-coverage="100% (2/2)" />
                <line number="210" hits="118" branch="false" />
                <line number="211" hits="118" branch="false" />
                <line number="213" hits="118" branch="true" condition-coverage="50% (1/2)" />
                <line number="214" hits="0" branch="false" />
                <line number="216" hits="118" branch="false" />
                <line number="217" hits="118" branch="false" />
                <line number="219" hits="2" branch="false" />
                <line number="220" hits="2" branch="false" />
                <line number="222" hits="2" branch="true" condition-coverage="50% (1/2)" />
                <line number="223" hits="2" branch="false" />
                <line number="225" hits="0" branch="false" />
                <line number="226" hits="0" branch="false" />
                <line number="227" hits="0" branch="false" />
                <line number="229" hits="2" branch="false" />
              </lines>
            </method>
            <method name="Sell" signature="()" line-rate="0.8275862068965517" branch-rate="0.625" complexity="8">
              <lines>
                <line number="128" hits="2" branch="false" />
                <line number="129" hits="2" branch="false" />
                <line number="131" hits="2" branch="false" />
                <line number="132" hits="2" branch="false" />
                <line number="133" hits="2" branch="false" />
                <line number="135" hits="2" branch="false" />
                <line number="136" hits="2" branch="false" />
                <line number="138" hits="2" branch="false" />
                <line number="140" hits="2" branch="true" condition-coverage="100% (2/2)" />
                <line number="141" hits="1" branch="false" />
                <line number="142" hits="1" branch="true" condition-coverage="50% (1/2)" />
                <line number="143" hits="0" branch="false" />
                <line number="144" hits="0" branch="false" />
                <line number="145" hits="0" branch="false" />
                <line number="147" hits="1" branch="false" />
                <line number="148" hits="1" branch="false" />
                <line number="149" hits="1" branch="false" />
                <line number="150" hits="1" branch="false" />
                <line number="152" hits="1" branch="false" />
                <line number="153" hits="1" branch="true" condition-coverage="50% (1/2)" />
                <line number="155" hits="1" branch="false" />
                <line number="157" hits="1" branch="true" condition-coverage="50% (1/2)" />
                <line number="158" hits="1" branch="false" />
                <line number="159" hits="1" branch="false" />
                <line number="160" hits="1" branch="false" />
                <line number="162" hits="0" branch="false" />
                <line number="163" hits="0" branch="false" />
                <line number="164" hits="1" branch="false" />
                <line number="165" hits="2" branch="false" />
              </lines>
            </method>
            <method name="TradeOnLimitAsync" signature="()" line-rate="0.8214285714285714" branch-rate="0.9" complexity="10">
              <lines>
                <line number="35" hits="2" branch="false" />
                <line number="36" hits="2" branch="false" />
                <line number="38" hits="2" branch="false" />
                <line number="39" hits="3" branch="false" />
                <line number="40" hits="3" branch="false" />
                <line number="41" hits="3" branch="false" />
                <line number="43" hits="3" branch="false" />
                <line number="44" hits="3" branch="false" />
                <line number="45" hits="3" branch="false" />
                <line number="47" hits="3" branch="false" />
                <line number="49" hits="2" branch="false" />
                <line number="50" hits="2" branch="false" />
                <line number="52" hits="2" branch="false" />
                <line number="54" hits="2" branch="false" />
                <line number="55" hits="2" branch="false" />
                <line number="56" hits="2" branch="false" />
                <line number="58" hits="2" branch="false" />
                <line number="59" hits="2" branch="false" />
                <line number="61" hits="2" branch="true" condition-coverage="100% (6/6)" />
                <line number="62" hits="1" branch="false" />
                <line number="63" hits="1" branch="false" />
                <line number="64" hits="1" branch="false" />
                <line number="66" hits="2" branch="true" condition-coverage="50% (1/2)" />
                <line number="67" hits="2" branch="false" />
                <line number="68" hits="2" branch="false" />
                <line number="69" hits="2" branch="true" condition-coverage="100% (2/2)" />
                <line number="70" hits="1" branch="false" />
                <line number="72" hits="1" branch="false" />
                <line number="74" hits="1" branch="false" />
                <line number="75" hits="1" branch="false" />
                <line number="76" hits="1" branch="false" />
                <line number="77" hits="1" branch="false" />
                <line number="78" hits="1" branch="false" />
                <line number="79" hits="1" branch="false" />
                <line number="80" hits="1" branch="false" />
                <line number="81" hits="1" branch="false" />
                <line number="82" hits="1" branch="false" />
                <line number="83" hits="1" branch="false" />
                <line number="84" hits="1" branch="false" />
                <line number="86" hits="0" branch="false" />
                <line number="87" hits="0" branch="false" />
                <line number="88" hits="0" branch="false" />
                <line number="89" hits="0" branch="false" />
                <line number="90" hits="0" branch="false" />
                <line number="91" hits="0" branch="false" />
                <line number="92" hits="0" branch="false" />
                <line number="93" hits="0" branch="false" />
                <line number="94" hits="0" branch="false" />
                <line number="95" hits="0" branch="false" />
                <line number="97" hits="1" branch="false" />
                <line number="98" hits="1" branch="false" />
                <line number="99" hits="1" branch="false" />
                <line number="100" hits="1" branch="false" />
                <line number="101" hits="1" branch="false" />
                <line number="102" hits="1" branch="false" />
                <line number="104" hits="1" branch="false" />
              </lines>
            </method>
            <method name="WaitBuyAsync" signature="()" line-rate="1" branch-rate="1" complexity="1">
              <lines>
                <line number="264" hits="2" branch="false" />
                <line number="265" hits="2" branch="false" />
                <line number="267" hits="4" branch="false" />
                <line number="268" hits="4" branch="false" />
                <line number="270" hits="2" branch="false" />
                <line number="271" hits="2" branch="false" />
                <line number="272" hits="2" branch="false" />
                <line number="273" hits="2" branch="false" />
                <line number="275" hits="2" branch="false" />
                <line number="276" hits="2" branch="false" />
                <line number="277" hits="2" branch="false" />
                <line number="279" hits="2" branch="false" />
                <line number="280" hits="2" branch="false" />
                <line number="281" hits="2" branch="false" />
              </lines>
            </method>
            <method name="WaitSellAsync" signature="()" line-rate="1" branch-rate="1" complexity="1">
              <lines>
                <line number="284" hits="2" branch="false" />
                <line number="285" hits="2" branch="false" />
                <line number="287" hits="4" branch="false" />
                <line number="288" hits="4" branch="false" />
                <line number="290" hits="2" branch="false" />
                <line number="291" hits="2" branch="false" />
                <line number="292" hits="2" branch="false" />
                <line number="293" hits="2" branch="false" />
                <line number="295" hits="2" branch="false" />
                <line number="296" hits="2" branch="false" />
                <line number="297" hits="2" branch="false" />
                <line number="299" hits="2" branch="false" />
                <line number="300" hits="2" branch="false" />
                <line number="301" hits="2" branch="false" />
              </lines>
            </method>
          </methods>
          <lines>
            <line number="13" hits="1" branch="false" />
            <line number="15" hits="1" branch="false" />
            <line number="16" hits="1" branch="false" />
            <line number="17" hits="1" branch="false" />
            <line number="18" hits="1" branch="false" />
            <line number="19" hits="1" branch="false" />
            <line number="20" hits="1" branch="false" />
            <line number="22" hits="4" branch="false" />
            <line number="24" hits="4" branch="false" />
            <line number="25" hits="4" branch="false" />
            <line number="26" hits="4" branch="false" />
            <line number="27" hits="4" branch="false" />
            <line number="28" hits="4" branch="false" />
            <line number="29" hits="4" branch="false" />
            <line number="30" hits="4" branch="true" condition-coverage="100% (2/2)" />
            <line number="31" hits="4" branch="false" />
            <line number="32" hits="4" branch="false" />
            <line number="35" hits="2" branch="false" />
            <line number="36" hits="2" branch="false" />
            <line number="38" hits="2" branch="false" />
            <line number="39" hits="3" branch="false" />
            <line number="40" hits="3" branch="false" />
            <line number="41" hits="3" branch="false" />
            <line number="43" hits="3" branch="false" />
            <line number="44" hits="3" branch="false" />
            <line number="45" hits="3" branch="false" />
            <line number="47" hits="3" branch="false" />
            <line number="49" hits="2" branch="false" />
            <line number="50" hits="2" branch="false" />
            <line number="52" hits="2" branch="false" />
            <line number="54" hits="2" branch="false" />
            <line number="55" hits="2" branch="false" />
            <line number="56" hits="2" branch="false" />
            <line number="58" hits="2" branch="false" />
            <line number="59" hits="2" branch="false" />
            <line number="61" hits="2" branch="true" condition-coverage="100% (6/6)" />
            <line number="62" hits="1" branch="false" />
            <line number="63" hits="1" branch="false" />
            <line number="64" hits="1" branch="false" />
            <line number="66" hits="2" branch="true" condition-coverage="50% (1/2)" />
            <line number="67" hits="2" branch="false" />
            <line number="68" hits="2" branch="false" />
            <line number="69" hits="2" branch="true" condition-coverage="100% (2/2)" />
            <line number="70" hits="1" branch="false" />
            <line number="72" hits="1" branch="false" />
            <line number="74" hits="1" branch="false" />
            <line number="75" hits="1" branch="false" />
            <line number="76" hits="1" branch="false" />
            <line number="77" hits="1" branch="false" />
            <line number="78" hits="1" branch="false" />
            <line number="79" hits="1" branch="false" />
            <line number="80" hits="1" branch="false" />
            <line number="81" hits="1" branch="false" />
            <line number="82" hits="1" branch="false" />
            <line number="83" hits="1" branch="false" />
            <line number="84" hits="1" branch="false" />
            <line number="86" hits="0" branch="false" />
            <line number="87" hits="0" branch="false" />
            <line number="88" hits="0" branch="false" />
            <line number="89" hits="0" branch="false" />
            <line number="90" hits="0" branch="false" />
            <line number="91" hits="0" branch="false" />
            <line number="92" hits="0" branch="false" />
            <line number="93" hits="0" branch="false" />
            <line number="94" hits="0" branch="false" />
            <line number="95" hits="0" branch="false" />
            <line number="97" hits="1" branch="false" />
            <line number="98" hits="1" branch="false" />
            <line number="99" hits="1" branch="false" />
            <line number="100" hits="1" branch="false" />
            <line number="101" hits="1" branch="false" />
            <line number="102" hits="1" branch="false" />
            <line number="104" hits="1" branch="false" />
            <line number="107" hits="1" branch="false" />
            <line number="108" hits="1" branch="false" />
            <line number="109" hits="1" branch="false" />
            <line number="111" hits="1" branch="false" />
            <line number="112" hits="1" branch="false" />
            <line number="114" hits="1" branch="false" />
            <line number="115" hits="1" branch="false" />
            <line number="116" hits="1" branch="false" />
            <line number="117" hits="1" branch="false" />
            <line number="119" hits="1" branch="false" />
            <line number="120" hits="1" branch="true" condition-coverage="50% (1/2)" />
            <line number="122" hits="1" branch="false" />
            <line number="124" hits="1" branch="false" />
            <line number="125" hits="1" branch="false" />
            <line number="128" hits="2" branch="false" />
            <line number="129" hits="2" branch="false" />
            <line number="131" hits="2" branch="false" />
            <line number="132" hits="2" branch="false" />
            <line number="133" hits="2" branch="false" />
            <line number="135" hits="2" branch="false" />
            <line number="136" hits="2" branch="false" />
            <line number="138" hits="2" branch="false" />
            <line number="140" hits="2" branch="true" condition-coverage="100% (2/2)" />
            <line number="141" hits="1" branch="false" />
            <line number="142" hits="1" branch="true" condition-coverage="50% (1/2)" />
            <line number="143" hits="0" branch="false" />
            <line number="144" hits="0" branch="false" />
            <line number="145" hits="0" branch="false" />
            <line number="147" hits="1" branch="false" />
            <line number="148" hits="1" branch="false" />
            <line number="149" hits="1" branch="false" />
            <line number="150" hits="1" branch="false" />
            <line number="152" hits="1" branch="false" />
            <line number="153" hits="1" branch="true" condition-coverage="50% (1/2)" />
            <line number="155" hits="1" branch="false" />
            <line number="157" hits="1" branch="true" condition-coverage="50% (1/2)" />
            <line number="158" hits="1" branch="false" />
            <line number="159" hits="1" branch="false" />
            <line number="160" hits="1" branch="false" />
            <line number="162" hits="0" branch="false" />
            <line number="163" hits="0" branch="false" />
            <line number="164" hits="1" branch="false" />
            <line number="165" hits="2" branch="false" />
            <line number="168" hits="2" branch="false" />
            <line number="169" hits="2" branch="false" />
            <line number="170" hits="2" branch="false" />
            <line number="171" hits="2" branch="false" />
            <line number="172" hits="2" branch="false" />
            <line number="173" hits="2" branch="false" />
            <line number="175" hits="2" branch="false" />
            <line number="176" hits="2" branch="false" />
            <line number="179" hits="2" branch="false" />
            <line number="180" hits="2" branch="false" />
            <line number="181" hits="120" branch="false" />
            <line number="182" hits="120" branch="true" condition-coverage="50% (1/2)" />
            <line number="183" hits="0" branch="false" />
            <line number="184" hits="120" branch="false" />
            <line number="185" hits="122" branch="false" />
            <line number="187" hits="2" branch="false" />
            <line number="189" hits="246" branch="true" condition-coverage="100% (2/2)" />
            <line number="190" hits="120" branch="false" />
            <line number="192" hits="2" branch="false" />
            <line number="193" hits="2" branch="false" />
            <line number="196" hits="2" branch="false" />
            <line number="198" hits="2" branch="false" />
            <line number="199" hits="2" branch="false" />
            <line number="200" hits="4" branch="false" />
            <line number="202" hits="2" branch="false" />
            <line number="209" hits="240" branch="true" condition-coverage="100% (2/2)" />
            <line number="210" hits="118" branch="false" />
            <line number="211" hits="118" branch="false" />
            <line number="213" hits="118" branch="true" condition-coverage="50% (1/2)" />
            <line number="214" hits="0" branch="false" />
            <line number="216" hits="118" branch="false" />
            <line number="217" hits="118" branch="false" />
            <line number="219" hits="2" branch="false" />
            <line number="220" hits="2" branch="false" />
            <line number="222" hits="2" branch="true" condition-coverage="50% (1/2)" />
            <line number="223" hits="2" branch="false" />
            <line number="225" hits="0" branch="false" />
            <line number="226" hits="0" branch="false" />
            <line number="227" hits="0" branch="false" />
            <line number="229" hits="2" branch="false" />
            <line number="233" hits="2" branch="false" />
            <line number="234" hits="2" branch="false" />
            <line number="235" hits="2" branch="false" />
            <line number="236" hits="122" branch="false" />
            <line number="237" hits="2" branch="false" />
            <line number="239" hits="2" branch="false" />
            <line number="240" hits="2" branch="false" />
            <line number="243" hits="2" branch="false" />
            <line number="245" hits="2" branch="false" />
            <line number="246" hits="2" branch="false" />
            <line number="247" hits="246" branch="true" condition-coverage="100% (2/2)" />
            <line number="248" hits="120" branch="false" />
            <line number="249" hits="120" branch="true" condition-coverage="50% (1/2)" />
            <line number="250" hits="0" branch="false" />
            <line number="251" hits="120" branch="false" />
            <line number="252" hits="120" branch="false" />
            <line number="254" hits="2" branch="false" />
            <line number="256" hits="0" branch="false" />
            <line number="257" hits="0" branch="false" />
            <line number="258" hits="0" branch="false" />
            <line number="259" hits="0" branch="false" />
            <line number="261" hits="2" branch="false" />
            <line number="264" hits="2" branch="false" />
            <line number="265" hits="2" branch="false" />
            <line number="267" hits="4" branch="false" />
            <line number="268" hits="4" branch="false" />
            <line number="270" hits="2" branch="false" />
            <line number="271" hits="2" branch="false" />
            <line number="272" hits="2" branch="false" />
            <line number="273" hits="2" branch="false" />
            <line number="275" hits="2" branch="false" />
            <line number="276" hits="2" branch="false" />
            <line number="277" hits="2" branch="false" />
            <line number="279" hits="2" branch="false" />
            <line number="280" hits="2" branch="false" />
            <line number="281" hits="2" branch="false" />
            <line number="284" hits="2" branch="false" />
            <line number="285" hits="2" branch="false" />
            <line number="287" hits="4" branch="false" />
            <line number="288" hits="4" branch="false" />
            <line number="290" hits="2" branch="false" />
            <line number="291" hits="2" branch="false" />
            <line number="292" hits="2" branch="false" />
            <line number="293" hits="2" branch="false" />
            <line number="295" hits="2" branch="false" />
            <line number="296" hits="2" branch="false" />
            <line number="297" hits="2" branch="false" />
            <line number="299" hits="2" branch="false" />
            <line number="300" hits="2" branch="false" />
            <line number="301" hits="2" branch="false" />
          </lines>
        </class>
        <class name="BinanceBot.Model.Currency" filename="D:\a\BinanceBot\BinanceBot\BinanceBot\Model\Currency.cs" line-rate="1" branch-rate="1" complexity="2">
          <methods>
            <method name="get_Symbol" signature="()" line-rate="1" branch-rate="1" complexity="1">
              <lines>
                <line number="8" hits="8" branch="false" />
              </lines>
            </method>
            <method name="get_Price" signature="()" line-rate="1" branch-rate="1" complexity="1">
              <lines>
                <line number="10" hits="10" branch="false" />
              </lines>
            </method>
          </methods>
          <lines>
            <line number="8" hits="8" branch="false" />
            <line number="10" hits="10" branch="false" />
          </lines>
        </class>
        <class name="BinanceBot.Model.Order" filename="D:\a\BinanceBot\BinanceBot\BinanceBot\Model\Order.cs" line-rate="0.21052631578947367" branch-rate="1" complexity="19">
          <methods>
            <method name="get_Symbol" signature="()" line-rate="1" branch-rate="1" complexity="1">
              <lines>
                <line number="8" hits="7" branch="false" />
              </lines>
            </method>
            <method name="get_OrderId" signature="()" line-rate="0" branch-rate="1" complexity="1">
              <lines>
                <line number="11" hits="0" branch="false" />
              </lines>
            </method>
            <method name="get_OrderListId" signature="()" line-rate="0" branch-rate="1" complexity="1">
              <lines>
                <line number="14" hits="0" branch="false" />
              </lines>
            </method>
            <method name="get_ClientOrderId" signature="()" line-rate="0" branch-rate="1" complexity="1">
              <lines>
                <line number="17" hits="0" branch="false" />
              </lines>
            </method>
            <method name="get_Price" signature="()" line-rate="1" branch-rate="1" complexity="1">
              <lines>
                <line number="20" hits="1" branch="false" />
              </lines>
            </method>
            <method name="get_OrigQty" signature="()" line-rate="0" branch-rate="1" complexity="1">
              <lines>
                <line number="23" hits="0" branch="false" />
              </lines>
            </method>
            <method name="get_ExecutedQty" signature="()" line-rate="0" branch-rate="1" complexity="1">
              <lines>
                <line number="26" hits="0" branch="false" />
              </lines>
            </method>
            <method name="get_CummulativeQuoteQty" signature="()" line-rate="0" branch-rate="1" complexity="1">
              <lines>
                <line number="29" hits="0" branch="false" />
              </lines>
            </method>
            <method name="get_Status" signature="()" line-rate="0" branch-rate="1" complexity="1">
              <lines>
                <line number="32" hits="0" branch="false" />
              </lines>
            </method>
            <method name="get_TimeInForce" signature="()" line-rate="0" branch-rate="1" complexity="1">
              <lines>
                <line number="35" hits="0" branch="false" />
              </lines>
            </method>
            <method name="get_Type" signature="()" line-rate="0" branch-rate="1" complexity="1">
              <lines>
                <line number="38" hits="0" branch="false" />
              </lines>
            </method>
            <method name="get_Side" signature="()" line-rate="1" branch-rate="1" complexity="1">
              <lines>
                <line number="41" hits="7" branch="false" />
              </lines>
            </method>
            <method name="get_StopPrice" signature="()" line-rate="0" branch-rate="1" complexity="1">
              <lines>
                <line number="44" hits="0" branch="false" />
              </lines>
            </method>
            <method name="get_IcebergQty" signature="()" line-rate="0" branch-rate="1" complexity="1">
              <lines>
                <line number="47" hits="0" branch="false" />
              </lines>
            </method>
            <method name="get_Time" signature="()" line-rate="1" branch-rate="1" complexity="1">
              <lines>
                <line number="50" hits="1" branch="false" />
              </lines>
            </method>
            <method name="get_UpdateTime" signature="()" line-rate="0" branch-rate="1" complexity="1">
              <lines>
                <line number="53" hits="0" branch="false" />
              </lines>
            </method>
            <method name="get_IsWorking" signature="()" line-rate="0" branch-rate="1" complexity="1">
              <lines>
                <line number="56" hits="0" branch="false" />
              </lines>
            </method>
            <method name="get_OrigQuoteOrderQty" signature="()" line-rate="0" branch-rate="1" complexity="1">
              <lines>
                <line number="59" hits="0" branch="false" />
              </lines>
            </method>
            <method name="get_SelfTradePreventionMode" signature="()" line-rate="0" branch-rate="1" complexity="1">
              <lines>
                <line number="62" hits="0" branch="false" />
              </lines>
            </method>
          </methods>
          <lines>
            <line number="8" hits="7" branch="false" />
            <line number="11" hits="0" branch="false" />
            <line number="14" hits="0" branch="false" />
            <line number="17" hits="0" branch="false" />
            <line number="20" hits="1" branch="false" />
            <line number="23" hits="0" branch="false" />
            <line number="26" hits="0" branch="false" />
            <line number="29" hits="0" branch="false" />
            <line number="32" hits="0" branch="false" />
            <line number="35" hits="0" branch="false" />
            <line number="38" hits="0" branch="false" />
            <line number="41" hits="7" branch="false" />
            <line number="44" hits="0" branch="false" />
            <line number="47" hits="0" branch="false" />
            <line number="50" hits="1" branch="false" />
            <line number="53" hits="0" branch="false" />
            <line number="56" hits="0" branch="false" />
            <line number="59" hits="0" branch="false" />
            <line number="62" hits="0" branch="false" />
          </lines>
        </class>
        <class name="BinanceBot.Model.StrategyCurrencyConfiguration" filename="D:\a\BinanceBot\BinanceBot\BinanceBot\Model\StrategyCurrencyConfiguration.cs" line-rate="1" branch-rate="1" complexity="4">
          <methods>
            <method name="get_TargetProfit" signature="()" line-rate="1" branch-rate="1" complexity="1">
              <lines>
                <line number="5" hits="12" branch="false" />
              </lines>
            </method>
            <method name="get_Quantity" signature="()" line-rate="1" branch-rate="1" complexity="1">
              <lines>
                <line number="6" hits="12" branch="false" />
              </lines>
            </method>
            <method name="get_Period" signature="()" line-rate="1" branch-rate="1" complexity="1">
              <lines>
                <line number="7" hits="16" branch="false" />
              </lines>
            </method>
            <method name="get_Interval" signature="()" line-rate="1" branch-rate="1" complexity="1">
              <lines>
                <line number="8" hits="16" branch="false" />
              </lines>
            </method>
          </methods>
          <lines>
            <line number="5" hits="12" branch="false" />
            <line number="6" hits="12" branch="false" />
            <line number="7" hits="16" branch="false" />
            <line number="8" hits="16" branch="false" />
          </lines>
        </class>
        <class name="BinanceBot.Model.TradingConfig" filename="D:\a\BinanceBot\BinanceBot\BinanceBot\Model\TradingConfig.cs" line-rate="1" branch-rate="1" complexity="16">
          <methods>
            <method name="get_FeePercentage" signature="()" line-rate="1" branch-rate="1" complexity="1">
              <lines>
                <line number="5" hits="18" branch="false" />
              </lines>
            </method>
            <method name="get_TargetProfit" signature="()" line-rate="1" branch-rate="1" complexity="1">
              <lines>
                <line number="6" hits="13" branch="false" />
              </lines>
            </method>
            <method name="get_Quantity" signature="()" line-rate="1" branch-rate="1" complexity="1">
              <lines>
                <line number="7" hits="24" branch="false" />
              </lines>
            </method>
            <method name="get_TotalBenefit" signature="()" line-rate="1" branch-rate="1" complexity="1">
              <lines>
                <line number="8" hits="13" branch="false" />
              </lines>
            </method>
            <method name="get_MaxRSI" signature="()" line-rate="1" branch-rate="1" complexity="1">
              <lines>
                <line number="9" hits="9" branch="false" />
              </lines>
            </method>
            <method name="get_TotalPurchaseCost" signature="()" line-rate="1" branch-rate="1" complexity="1">
              <lines>
                <line number="10" hits="21" branch="false" />
              </lines>
            </method>
            <method name="get_CryptoPurchasePrice" signature="()" line-rate="1" branch-rate="1" complexity="1">
              <lines>
                <line number="11" hits="14" branch="false" />
              </lines>
            </method>
            <method name="get_LimitBenefit" signature="()" line-rate="1" branch-rate="1" complexity="1">
              <lines>
                <line number="12" hits="13" branch="false" />
              </lines>
            </method>
            <method name="get_Period" signature="()" line-rate="1" branch-rate="1" complexity="1">
              <lines>
                <line number="13" hits="15" branch="false" />
              </lines>
            </method>
            <method name="get_Interval" signature="()" line-rate="1" branch-rate="1" complexity="1">
              <lines>
                <line number="14" hits="13" branch="false" />
              </lines>
            </method>
            <method name="get_OpenPosition" signature="()" line-rate="1" branch-rate="1" complexity="1">
              <lines>
                <line number="15" hits="13" branch="false" />
              </lines>
            </method>
            <method name="get_StopLossPercentage" signature="()" line-rate="1" branch-rate="1" complexity="1">
              <lines>
                <line number="16" hits="14" branch="false" />
              </lines>
            </method>
            <method name="get_VolatilityMultiplier" signature="()" line-rate="1" branch-rate="1" complexity="1">
              <lines>
                <line number="17" hits="10" branch="false" />
              </lines>
            </method>
            <method name="get_FloorStopLossPercentage" signature="()" line-rate="1" branch-rate="1" complexity="1">
              <lines>
                <line number="18" hits="10" branch="false" />
              </lines>
            </method>
            <method name="get_CeilingStopLossPercentage" signature="()" line-rate="1" branch-rate="1" complexity="1">
              <lines>
                <line number="19" hits="10" branch="false" />
              </lines>
            </method>
            <method name=".ctor" signature="(System.Collections.Generic.Dictionary`2&lt;System.String,BinanceBot.Model.StrategyCurrencyConfiguration&gt;,System.String)" line-rate="1" branch-rate="1" complexity="1">
              <lines>
                <line number="21" hits="8" branch="false" />
                <line number="22" hits="8" branch="false" />
                <line number="23" hits="8" branch="false" />
                <line number="24" hits="8" branch="false" />
                <line number="25" hits="8" branch="false" />
                <line number="26" hits="8" branch="false" />
                <line number="27" hits="8" branch="false" />
                <line number="28" hits="8" branch="false" />
                <line number="29" hits="8" branch="false" />
                <line number="30" hits="8" branch="false" />
                <line number="31" hits="8" branch="false" />
                <line number="32" hits="8" branch="false" />
              </lines>
            </method>
          </methods>
          <lines>
            <line number="5" hits="18" branch="false" />
            <line number="6" hits="13" branch="false" />
            <line number="7" hits="24" branch="false" />
            <line number="8" hits="13" branch="false" />
            <line number="9" hits="9" branch="false" />
            <line number="10" hits="21" branch="false" />
            <line number="11" hits="14" branch="false" />
            <line number="12" hits="13" branch="false" />
            <line number="13" hits="15" branch="false" />
            <line number="14" hits="13" branch="false" />
            <line number="15" hits="13" branch="false" />
            <line number="16" hits="14" branch="false" />
            <line number="17" hits="10" branch="false" />
            <line number="18" hits="10" branch="false" />
            <line number="19" hits="10" branch="false" />
            <line number="21" hits="8" branch="false" />
            <line number="22" hits="8" branch="false" />
            <line number="23" hits="8" branch="false" />
            <line number="24" hits="8" branch="false" />
            <line number="25" hits="8" branch="false" />
            <line number="26" hits="8" branch="false" />
            <line number="27" hits="8" branch="false" />
            <line number="28" hits="8" branch="false" />
            <line number="29" hits="8" branch="false" />
            <line number="30" hits="8" branch="false" />
            <line number="31" hits="8" branch="false" />
            <line number="32" hits="8" branch="false" />
          </lines>
        </class>
        <class name="BinanceBot.Utils.FileSystem" filename="D:\a\BinanceBot\BinanceBot\BinanceBot\Utils\FileSystem.cs" line-rate="0" branch-rate="1" complexity="2">
          <methods>
            <method name="GetCurrentDirectory" signature="()" line-rate="0" branch-rate="1" complexity="1">
              <lines>
                <line number="8" hits="0" branch="false" />
                <line number="9" hits="0" branch="false" />
                <line number="10" hits="0" branch="false" />
              </lines>
            </method>
            <method name="GetFiles" signature="(System.String,System.String)" line-rate="0" branch-rate="1" complexity="1">
              <lines>
                <line number="13" hits="0" branch="false" />
                <line number="14" hits="0" branch="false" />
                <line number="15" hits="0" branch="false" />
                <line number="16" hits="0" branch="false" />
              </lines>
            </method>
          </methods>
          <lines>
            <line number="8" hits="0" branch="false" />
            <line number="9" hits="0" branch="false" />
            <line number="10" hits="0" branch="false" />
            <line number="13" hits="0" branch="false" />
            <line number="14" hits="0" branch="false" />
            <line number="15" hits="0" branch="false" />
            <line number="16" hits="0" branch="false" />
          </lines>
        </class>
        <class name="BinanceBot.Utils.Helper" filename="D:\a\BinanceBot\BinanceBot\BinanceBot\Utils\Helper.cs" line-rate="0" branch-rate="0" complexity="7">
          <methods>
            <method name="GetSolutionPath" signature="()" line-rate="0" branch-rate="0" complexity="6">
              <lines>
                <line number="15" hits="0" branch="false" />
                <line number="16" hits="0" branch="false" />
                <line number="18" hits="0" branch="false" />
                <line number="20" hits="0" branch="true" condition-coverage="0% (0/4)" />
                <line number="21" hits="0" branch="false" />
                <line number="23" hits="0" branch="true" condition-coverage="0% (0/2)" />
                <line number="24" hits="0" branch="false" />
              </lines>
            </method>
            <method name=".ctor" signature="(BinanceBot.Abstraction.IFileSystem)" line-rate="0" branch-rate="1" complexity="1">
              <lines>
                <line number="9" hits="0" branch="false" />
                <line number="10" hits="0" branch="false" />
                <line number="11" hits="0" branch="false" />
                <line number="12" hits="0" branch="false" />
              </lines>
            </method>
          </methods>
          <lines>
            <line number="9" hits="0" branch="false" />
            <line number="10" hits="0" branch="false" />
            <line number="11" hits="0" branch="false" />
            <line number="12" hits="0" branch="false" />
            <line number="15" hits="0" branch="false" />
            <line number="16" hits="0" branch="false" />
            <line number="18" hits="0" branch="false" />
            <line number="20" hits="0" branch="true" condition-coverage="0% (0/4)" />
            <line number="21" hits="0" branch="false" />
            <line number="23" hits="0" branch="true" condition-coverage="0% (0/2)" />
            <line number="24" hits="0" branch="false" />
          </lines>
        </class>
        <class name="BinanceBot.Utils.Logger" filename="D:\a\BinanceBot\BinanceBot\BinanceBot\Utils\Logger.cs" line-rate="0.5882352941176471" branch-rate="0.5" complexity="3">
          <methods>
            <method name="WriteLog" signature="(System.String)" line-rate="0.5625" branch-rate="0.5" complexity="2">
              <lines>
                <line number="10" hits="3" branch="false" />
                <line number="12" hits="3" branch="false" />
                <line number="13" hits="3" branch="false" />
                <line number="14" hits="3" branch="true" condition-coverage="50% (1/2)" />
                <line number="15" hits="0" branch="false" />
                <line number="16" hits="0" branch="false" />
                <line number="17" hits="0" branch="false" />
                <line number="19" hits="3" branch="false" />
                <line number="21" hits="3" branch="false" />
                <line number="22" hits="3" branch="false" />
                <line number="23" hits="3" branch="false" />
                <line number="24" hits="0" branch="false" />
                <line number="25" hits="0" branch="false" />
                <line number="26" hits="0" branch="false" />
                <line number="27" hits="0" branch="false" />
                <line number="28" hits="3" branch="false" />
              </lines>
            </method>
            <method name=".cctor" signature="()" line-rate="1" branch-rate="1" complexity="1">
              <lines>
                <line number="7" hits="1" branch="false" />
              </lines>
            </method>
          </methods>
          <lines>
            <line number="7" hits="1" branch="false" />
            <line number="10" hits="3" branch="false" />
            <line number="12" hits="3" branch="false" />
            <line number="13" hits="3" branch="false" />
            <line number="14" hits="3" branch="true" condition-coverage="50% (1/2)" />
            <line number="15" hits="0" branch="false" />
            <line number="16" hits="0" branch="false" />
            <line number="17" hits="0" branch="false" />
            <line number="19" hits="3" branch="false" />
            <line number="21" hits="3" branch="false" />
            <line number="22" hits="3" branch="false" />
            <line number="23" hits="3" branch="false" />
            <line number="24" hits="0" branch="false" />
            <line number="25" hits="0" branch="false" />
            <line number="26" hits="0" branch="false" />
            <line number="27" hits="0" branch="false" />
            <line number="28" hits="3" branch="false" />
          </lines>
        </class>
        <class name="Program" filename="D:\a\BinanceBot\BinanceBot\BinanceBot\Program.cs" line-rate="0" branch-rate="0" complexity="2">
          <methods>
            <method name="ExemplifyDisposableScoping" signature="()" line-rate="0" branch-rate="1" complexity="1">
              <lines>
                <line number="13" hits="0" branch="false" />
                <line number="14" hits="0" branch="false" />
                <line number="16" hits="0" branch="false" />
                <line number="17" hits="0" branch="false" />
                <line number="19" hits="0" branch="false" />
                <line number="21" hits="0" branch="false" />
                <line number="22" hits="0" branch="false" />
              </lines>
            </method>
            <method name="Main" signature="()" line-rate="0" branch-rate="0" complexity="1">
              <lines>
                <line number="11" hits="0" branch="false" />
                <line number="13" hits="0" branch="false" />
                <line number="14" hits="0" branch="false" />
                <line number="16" hits="0" branch="false" />
                <line number="17" hits="0" branch="false" />
                <line number="19" hits="0" branch="false" />
                <line number="21" hits="0" branch="false" />
                <line number="22" hits="0" branch="false" />
                <line number="24" hits="0" branch="false" />
                <line number="25" hits="0" branch="false" />
                <line number="27" hits="0" branch="false" />
                <line number="28" hits="0" branch="false" />
                <line number="29" hits="0" branch="false" />
                <line number="30" hits="0" branch="false" />
                <line number="32" hits="0" branch="false" />
                <line number="33" hits="0" branch="false" />
                <line number="34" hits="0" branch="false" />
                <line number="35" hits="0" branch="false" />
                <line number="36" hits="0" branch="true" condition-coverage="0% (0/2)" />
                <line number="37" hits="0" branch="false" />
                <line number="38" hits="0" branch="false" />
                <line number="39" hits="0" branch="false" />
                <line number="40" hits="0" branch="false" />
                <line number="42" hits="0" branch="false" />
                <line number="44" hits="0" branch="false" />
                <line number="46" hits="0" branch="false" />
                <line number="48" hits="0" branch="false" />
                <line number="50" hits="0" branch="false" />
                <line number="51" hits="0" branch="false" />
              </lines>
            </method>
          </methods>
          <lines>
            <line number="11" hits="0" branch="false" />
            <line number="13" hits="0" branch="false" />
            <line number="14" hits="0" branch="false" />
            <line number="16" hits="0" branch="false" />
            <line number="17" hits="0" branch="false" />
            <line number="19" hits="0" branch="false" />
            <line number="21" hits="0" branch="false" />
            <line number="22" hits="0" branch="false" />
            <line number="24" hits="0" branch="false" />
            <line number="25" hits="0" branch="false" />
            <line number="27" hits="0" branch="false" />
            <line number="28" hits="0" branch="false" />
            <line number="29" hits="0" branch="false" />
            <line number="30" hits="0" branch="false" />
            <line number="32" hits="0" branch="false" />
            <line number="33" hits="0" branch="false" />
            <line number="34" hits="0" branch="false" />
            <line number="35" hits="0" branch="false" />
            <line number="36" hits="0" branch="true" condition-coverage="0% (0/2)" />
            <line number="37" hits="0" branch="false" />
            <line number="38" hits="0" branch="false" />
            <line number="39" hits="0" branch="false" />
            <line number="40" hits="0" branch="false" />
            <line number="42" hits="0" branch="false" />
            <line number="44" hits="0" branch="false" />
            <line number="46" hits="0" branch="false" />
            <line number="48" hits="0" branch="false" />
            <line number="50" hits="0" branch="false" />
            <line number="51" hits="0" branch="false" />
          </lines>
        </class>
      </classes>
    </package>
  </packages>
</coverage>